2026-01-30 20:54:37 INFO  com.excel.ExcelApplication:50 - Starting ExcelApplication using Java 17.0.12 with PID 96459 (/Users/ayushgupta/Downloads/Excel Upload/target/classes started by ayushgupta in /Users/ayushgupta/Downloads/Excel Upload)
2026-01-30 20:54:37 INFO  com.excel.ExcelApplication:654 - No active profile set, falling back to 1 default profile: "default"
2026-01-30 20:54:37 INFO  o.s.d.r.c.RepositoryConfigurationDelegate:139 - Bootstrapping Spring Data JPA repositories in DEFAULT mode.
2026-01-30 20:54:37 INFO  o.s.d.r.c.RepositoryConfigurationDelegate:208 - Finished Spring Data repository scanning in 19 ms. Found 2 JPA repository interfaces.
2026-01-30 20:54:37 INFO  o.s.b.w.e.tomcat.TomcatWebServer:109 - Tomcat initialized with port 8080 (http)
2026-01-30 20:54:37 INFO  o.a.coyote.http11.Http11NioProtocol:173 - Initializing ProtocolHandler ["http-nio-8080"]
2026-01-30 20:54:37 INFO  o.a.catalina.core.StandardService:173 - Starting service [Tomcat]
2026-01-30 20:54:37 INFO  o.a.catalina.core.StandardEngine:173 - Starting Servlet engine: [Apache Tomcat/10.1.18]
2026-01-30 20:54:37 INFO  o.a.c.c.C.[Tomcat].[localhost].[/]:173 - Initializing Spring embedded WebApplicationContext
2026-01-30 20:54:37 INFO  o.s.b.w.s.c.ServletWebServerApplicationContext:296 - Root WebApplicationContext: initialization completed in 462 ms
2026-01-30 20:54:38 INFO  o.h.jpa.internal.util.LogHelper:31 - HHH000204: Processing PersistenceUnitInfo [name: default]
2026-01-30 20:54:38 INFO  org.hibernate.Version:44 - HHH000412: Hibernate ORM core version 6.4.1.Final
2026-01-30 20:54:38 INFO  o.h.c.i.RegionFactoryInitiator:50 - HHH000026: Second-level cache disabled
2026-01-30 20:54:38 INFO  o.s.o.j.p.SpringPersistenceUnitInfo:87 - No LoadTimeWeaver setup: ignoring JPA class transformer
2026-01-30 20:54:38 INFO  com.zaxxer.hikari.HikariDataSource:110 - HikariPool-1 - Starting...
2026-01-30 20:54:38 INFO  com.zaxxer.hikari.pool.HikariPool:565 - HikariPool-1 - Added connection com.mysql.cj.jdbc.ConnectionImpl@43d3995f
2026-01-30 20:54:38 INFO  com.zaxxer.hikari.HikariDataSource:123 - HikariPool-1 - Start completed.
2026-01-30 20:54:38 INFO  o.h.e.t.j.p.i.JtaPlatformInitiator:58 - HHH000489: No JTA platform available (set 'hibernate.transaction.jta.platform' to enable JTA platform integration)
2026-01-30 20:54:38 INFO  o.s.o.j.LocalContainerEntityManagerFactoryBean:437 - Initialized JPA EntityManagerFactory for persistence unit 'default'
2026-01-30 20:54:38 INFO  com.excel.ExcelApplication:45 - === WMS EXCEL FILE PROCESSOR STARTED | LOGGING INITIALIZED ===
2026-01-30 20:54:38 INFO  com.excel.ExcelApplication:51 - Apache POI byte array limit increased
2026-01-30 20:54:38 INFO  o.s.d.j.r.query.QueryEnhancerFactory:49 - Hibernate is in classpath; If applicable, HQL parser will be used.
2026-01-30 20:54:39 WARN  o.s.b.a.o.j.JpaBaseConfiguration$JpaWebConfiguration:232 - spring.jpa.open-in-view is enabled by default. Therefore, database queries may be performed during view rendering. Explicitly configure spring.jpa.open-in-view to disable this warning
2026-01-30 20:54:39 INFO  o.a.coyote.http11.Http11NioProtocol:173 - Starting ProtocolHandler ["http-nio-8080"]
2026-01-30 20:54:39 INFO  o.s.b.w.e.tomcat.TomcatWebServer:241 - Tomcat started on port 8080 (http) with context path ''
2026-01-30 20:54:39 INFO  com.excel.ExcelApplication:56 - Started ExcelApplication in 1.926 seconds (process running for 2.21)
2026-01-30 20:54:49 INFO  com.excel.service.FileUploader:92 - Files processing started !
2026-01-30 20:54:49 INFO  com.excel.service.FileUploader:100 - No files found in directory: /Users/ayushgupta/Documents/excel/input
2026-01-30 20:54:57 INFO  o.a.c.c.C.[Tomcat].[localhost].[/]:173 - Initializing Spring DispatcherServlet 'dispatcherServlet'
2026-01-30 20:54:57 INFO  o.s.web.servlet.DispatcherServlet:532 - Initializing Servlet 'dispatcherServlet'
2026-01-30 20:54:57 INFO  o.s.web.servlet.DispatcherServlet:554 - Completed initialization in 5 ms
2026-01-30 20:55:49 INFO  com.excel.service.FileUploader:92 - Files processing started !
2026-01-30 20:55:54 ERROR com.excel.service.FileUploader:192 - Invalid Excel filename pattern: Employee_Sample_Excel.xlsx
2026-01-30 20:55:58 INFO  com.excel.service.FileUploader:651 - 📧 ERROR mail sent for file Employee_Sample_Excel.xlsx
2026-01-30 20:55:58 INFO  com.excel.service.FileUploader:227 - Files processing Completed !
2026-01-30 20:56:58 INFO  com.excel.service.FileUploader:92 - Files processing started !
2026-01-30 20:56:58 INFO  com.excel.service.FileUploader:100 - No files found in directory: /Users/ayushgupta/Documents/excel/input
2026-01-30 20:57:58 INFO  com.excel.service.FileUploader:92 - Files processing started !
2026-01-30 20:57:58 INFO  com.excel.service.FileUploader:100 - No files found in directory: /Users/ayushgupta/Documents/excel/input
2026-01-30 20:58:58 INFO  com.excel.service.FileUploader:92 - Files processing started !
2026-01-30 20:58:58 INFO  com.excel.service.FileUploader:100 - No files found in directory: /Users/ayushgupta/Documents/excel/input
2026-01-30 20:59:58 INFO  com.excel.service.FileUploader:92 - Files processing started !
2026-01-30 20:59:58 INFO  com.excel.service.FileUploader:100 - No files found in directory: /Users/ayushgupta/Documents/excel/input
2026-01-30 21:00:58 INFO  com.excel.service.FileUploader:92 - Files processing started !
2026-01-30 21:00:58 INFO  com.excel.service.FileUploader:100 - No files found in directory: /Users/ayushgupta/Documents/excel/input
2026-01-30 21:01:58 INFO  com.excel.service.FileUploader:92 - Files processing started !
2026-01-30 21:01:58 INFO  com.excel.service.FileUploader:100 - No files found in directory: /Users/ayushgupta/Documents/excel/input
2026-01-30 21:02:58 INFO  com.excel.service.FileUploader:92 - Files processing started !
2026-01-30 21:02:58 INFO  com.excel.service.FileUploader:100 - No files found in directory: /Users/ayushgupta/Documents/excel/input
2026-01-30 21:03:58 INFO  com.excel.service.FileUploader:92 - Files processing started !
2026-01-30 21:03:58 INFO  com.excel.service.FileUploader:100 - No files found in directory: /Users/ayushgupta/Documents/excel/input
2026-01-30 21:04:58 INFO  com.excel.service.FileUploader:92 - Files processing started !
2026-01-30 21:04:58 INFO  com.excel.service.FileUploader:100 - No files found in directory: /Users/ayushgupta/Documents/excel/input
2026-01-30 21:05:58 INFO  com.excel.service.FileUploader:92 - Files processing started !
2026-01-30 21:05:58 INFO  com.excel.service.FileUploader:100 - No files found in directory: /Users/ayushgupta/Documents/excel/input
2026-01-30 21:06:58 INFO  com.excel.service.FileUploader:92 - Files processing started !
2026-01-30 21:06:58 INFO  com.excel.service.FileUploader:100 - No files found in directory: /Users/ayushgupta/Documents/excel/input
2026-01-30 21:07:58 INFO  com.excel.service.FileUploader:92 - Files processing started !
2026-01-30 21:08:03 ERROR com.excel.service.FileUploader:192 - Invalid Excel filename pattern: Employee_Sample_Excel.xlsx
2026-01-30 21:08:09 INFO  com.excel.service.FileUploader:651 - 📧 ERROR mail sent for file Employee_Sample_Excel.xlsx
2026-01-30 21:08:09 INFO  com.excel.service.FileUploader:227 - Files processing Completed !
2026-01-30 21:09:09 INFO  com.excel.service.FileUploader:92 - Files processing started !
2026-01-30 21:09:09 INFO  com.excel.service.FileUploader:100 - No files found in directory: /Users/ayushgupta/Documents/excel/input
2026-01-30 21:10:09 INFO  com.excel.service.FileUploader:92 - Files processing started !
2026-01-30 21:10:09 INFO  com.excel.service.FileUploader:100 - No files found in directory: /Users/ayushgupta/Documents/excel/input
2026-01-30 21:11:09 INFO  com.excel.service.FileUploader:92 - Files processing started !
2026-01-30 21:11:14 ERROR com.excel.service.FileUploader:192 - Invalid Excel filename pattern: UNO_Minda_ASN_Sample.xlsx
2026-01-30 21:11:18 INFO  com.excel.service.FileUploader:651 - 📧 ERROR mail sent for file UNO_Minda_ASN_Sample.xlsx
2026-01-30 21:11:23 ERROR com.excel.service.FileUploader:192 - Invalid Excel filename pattern: Employee_Sample_Excel.xlsx
2026-01-30 21:11:28 INFO  com.excel.service.FileUploader:651 - 📧 ERROR mail sent for file Employee_Sample_Excel.xlsx
2026-01-30 21:11:28 INFO  com.excel.service.FileUploader:227 - Files processing Completed !
2026-01-30 21:12:28 INFO  com.excel.service.FileUploader:92 - Files processing started !
2026-01-30 21:12:28 INFO  com.excel.service.FileUploader:100 - No files found in directory: /Users/ayushgupta/Documents/excel/input
2026-01-30 21:13:28 INFO  com.excel.service.FileUploader:92 - Files processing started !
2026-01-30 21:13:42 INFO  com.excel.service.FileUploader:511 - Batch Execution Starts (JPA)
2026-01-30 21:14:04 INFO  com.excel.service.FileUploader:516 - Batch Execution Completed, records = 106261
2026-01-30 21:14:22 INFO  com.excel.service.FileUploader:511 - Batch Execution Starts (JPA)
2026-01-30 21:14:43 INFO  com.excel.service.FileUploader:516 - Batch Execution Completed, records = 106261
2026-01-30 21:14:52 ERROR com.excel.service.FileUploader:192 - Invalid Excel filename pattern: UNO_Minda_ASN_Sample.xlsx
2026-01-30 21:14:57 INFO  com.excel.service.FileUploader:651 - 📧 ERROR mail sent for file UNO_Minda_ASN_Sample.xlsx
2026-01-30 21:15:11 INFO  com.excel.service.FileUploader:511 - Batch Execution Starts (JPA)
2026-01-30 21:15:32 INFO  com.excel.service.FileUploader:516 - Batch Execution Completed, records = 106261
2026-01-30 21:15:50 INFO  com.excel.service.FileUploader:511 - Batch Execution Starts (JPA)
2026-01-30 21:16:12 INFO  com.excel.service.FileUploader:516 - Batch Execution Completed, records = 106261
2026-01-30 21:16:31 INFO  com.excel.service.FileUploader:511 - Batch Execution Starts (JPA)
2026-01-30 21:16:52 INFO  com.excel.service.FileUploader:516 - Batch Execution Completed, records = 106261
2026-01-30 21:17:03 ERROR com.excel.service.FileUploader:192 - Invalid Excel filename pattern: Employee_Sample_Excel.xlsx
2026-01-30 21:17:08 INFO  com.excel.service.FileUploader:651 - 📧 ERROR mail sent for file Employee_Sample_Excel.xlsx
2026-01-30 21:17:22 INFO  com.excel.service.FileUploader:511 - Batch Execution Starts (JPA)
2026-01-30 21:17:44 INFO  com.excel.service.FileUploader:516 - Batch Execution Completed, records = 106261
2026-01-30 21:18:03 INFO  com.excel.service.FileUploader:511 - Batch Execution Starts (JPA)
2026-01-30 21:18:25 INFO  com.excel.service.FileUploader:516 - Batch Execution Completed, records = 106261
2026-01-30 21:18:44 INFO  com.excel.service.FileUploader:511 - Batch Execution Starts (JPA)
2026-01-30 21:19:05 INFO  com.excel.service.FileUploader:516 - Batch Execution Completed, records = 106261
2026-01-30 21:19:10 INFO  com.excel.service.FileUploader:227 - Files processing Completed !
2026-01-30 21:20:10 INFO  com.excel.service.FileUploader:92 - Files processing started !
2026-01-30 21:20:10 INFO  com.excel.service.FileUploader:100 - No files found in directory: /Users/ayushgupta/Documents/excel/input
2026-01-30 21:21:10 INFO  com.excel.service.FileUploader:92 - Files processing started !
2026-01-30 21:21:25 INFO  com.excel.service.FileUploader:511 - Batch Execution Starts (JPA)
2026-01-30 21:21:46 INFO  com.excel.service.FileUploader:516 - Batch Execution Completed, records = 106261
2026-01-30 21:21:51 INFO  com.excel.service.FileUploader:227 - Files processing Completed !
2026-01-30 21:22:51 INFO  com.excel.service.FileUploader:92 - Files processing started !
2026-01-30 21:23:05 INFO  com.excel.service.FileUploader:511 - Batch Execution Starts (JPA)
2026-01-30 21:23:27 INFO  com.excel.service.FileUploader:516 - Batch Execution Completed, records = 106261
2026-01-30 21:23:36 ERROR com.excel.service.FileUploader:192 - Invalid Excel filename pattern: UNO_Minda_ASN_Sample.xlsx
2026-01-30 21:23:41 INFO  com.excel.service.FileUploader:651 - 📧 ERROR mail sent for file UNO_Minda_ASN_Sample.xlsx
2026-01-30 21:23:55 INFO  com.excel.service.FileUploader:511 - Batch Execution Starts (JPA)
2026-01-30 21:24:15 INFO  o.s.b.a.SpringApplicationAdminMXBeanRegistrar$SpringApplicationAdmin:159 - Application shutdown requested.
2026-01-30 21:24:19 INFO  com.excel.service.FileUploader:516 - Batch Execution Completed, records = 106261
2026-01-30 21:24:38 INFO  com.excel.service.FileUploader:511 - Batch Execution Starts (JPA)
2026-01-30 21:24:39 INFO  o.s.b.a.SpringApplicationAdminMXBeanRegistrar$SpringApplicationAdmin:159 - Application shutdown requested.
2026-01-30 21:24:40 INFO  o.s.b.a.SpringApplicationAdminMXBeanRegistrar$SpringApplicationAdmin:159 - Application shutdown requested.
2026-01-30 21:24:40 INFO  o.s.b.a.SpringApplicationAdminMXBeanRegistrar$SpringApplicationAdmin:159 - Application shutdown requested.
2026-01-30 21:24:40 INFO  o.s.b.a.SpringApplicationAdminMXBeanRegistrar$SpringApplicationAdmin:159 - Application shutdown requested.
2026-01-30 21:24:40 INFO  o.s.b.a.SpringApplicationAdminMXBeanRegistrar$SpringApplicationAdmin:159 - Application shutdown requested.
2026-01-30 21:24:40 INFO  o.s.b.a.SpringApplicationAdminMXBeanRegistrar$SpringApplicationAdmin:159 - Application shutdown requested.
2026-01-30 21:24:40 INFO  o.s.b.a.SpringApplicationAdminMXBeanRegistrar$SpringApplicationAdmin:159 - Application shutdown requested.
2026-01-30 21:24:41 INFO  o.s.b.a.SpringApplicationAdminMXBeanRegistrar$SpringApplicationAdmin:159 - Application shutdown requested.
2026-01-30 21:24:41 INFO  o.s.b.a.SpringApplicationAdminMXBeanRegistrar$SpringApplicationAdmin:159 - Application shutdown requested.
2026-01-30 21:24:41 INFO  o.s.b.a.SpringApplicationAdminMXBeanRegistrar$SpringApplicationAdmin:159 - Application shutdown requested.
2026-01-30 21:24:41 INFO  o.s.b.a.SpringApplicationAdminMXBeanRegistrar$SpringApplicationAdmin:159 - Application shutdown requested.
2026-01-30 21:24:41 INFO  o.s.b.a.SpringApplicationAdminMXBeanRegistrar$SpringApplicationAdmin:159 - Application shutdown requested.
2026-01-30 21:24:41 INFO  o.s.b.a.SpringApplicationAdminMXBeanRegistrar$SpringApplicationAdmin:159 - Application shutdown requested.
2026-01-30 21:24:42 INFO  o.s.b.a.SpringApplicationAdminMXBeanRegistrar$SpringApplicationAdmin:159 - Application shutdown requested.
2026-01-30 21:24:42 INFO  o.s.b.a.SpringApplicationAdminMXBeanRegistrar$SpringApplicationAdmin:159 - Application shutdown requested.
2026-01-30 21:24:42 INFO  o.s.b.a.SpringApplicationAdminMXBeanRegistrar$SpringApplicationAdmin:159 - Application shutdown requested.
2026-01-30 21:24:42 INFO  o.s.b.a.SpringApplicationAdminMXBeanRegistrar$SpringApplicationAdmin:159 - Application shutdown requested.
2026-01-30 21:24:43 INFO  o.s.b.a.SpringApplicationAdminMXBeanRegistrar$SpringApplicationAdmin:159 - Application shutdown requested.
2026-01-30 21:24:43 INFO  o.s.b.a.SpringApplicationAdminMXBeanRegistrar$SpringApplicationAdmin:159 - Application shutdown requested.
2026-01-30 21:24:44 INFO  o.s.b.a.SpringApplicationAdminMXBeanRegistrar$SpringApplicationAdmin:159 - Application shutdown requested.
2026-01-30 21:24:44 INFO  o.s.b.a.SpringApplicationAdminMXBeanRegistrar$SpringApplicationAdmin:159 - Application shutdown requested.
2026-01-30 21:24:44 INFO  o.s.b.a.SpringApplicationAdminMXBeanRegistrar$SpringApplicationAdmin:159 - Application shutdown requested.
2026-01-30 21:24:44 INFO  o.s.b.a.SpringApplicationAdminMXBeanRegistrar$SpringApplicationAdmin:159 - Application shutdown requested.
2026-01-30 21:24:44 INFO  o.s.b.a.SpringApplicationAdminMXBeanRegistrar$SpringApplicationAdmin:159 - Application shutdown requested.
2026-01-30 21:24:45 INFO  o.s.b.a.SpringApplicationAdminMXBeanRegistrar$SpringApplicationAdmin:159 - Application shutdown requested.
2026-01-30 21:24:45 INFO  o.s.c.s.DefaultLifecycleProcessor:493 - Failed to shut down 1 bean with phase value 2147483647 within timeout of 30000ms: [taskScheduler]
2026-01-30 21:24:45 INFO  o.a.coyote.http11.Http11NioProtocol:173 - Stopping ProtocolHandler ["http-nio-8080"]
2026-01-30 21:24:45 INFO  o.s.o.j.LocalContainerEntityManagerFactoryBean:650 - Closing JPA EntityManagerFactory for persistence unit 'default'
2026-01-30 21:24:45 INFO  com.zaxxer.hikari.HikariDataSource:350 - HikariPool-1 - Shutdown initiated...
2026-01-30 21:24:45 INFO  com.zaxxer.hikari.HikariDataSource:352 - HikariPool-1 - Shutdown completed.
2026-01-30 21:24:45 WARN  c.zaxxer.hikari.pool.ProxyConnection:177 - HikariPool-1 - Connection com.mysql.cj.jdbc.ConnectionImpl@3c4514a8 marked as broken because of SQLSTATE(08007), ErrorCode(0)
java.sql.SQLNonTransientConnectionException: Communications link failure during rollback(). Transaction resolution unknown.
	at com.mysql.cj.jdbc.exceptions.SQLError.createSQLException(SQLError.java:111)
	at com.mysql.cj.jdbc.exceptions.SQLError.createSQLException(SQLError.java:98)
	at com.mysql.cj.jdbc.exceptions.SQLError.createSQLException(SQLError.java:90)
	at com.mysql.cj.jdbc.exceptions.SQLError.createSQLException(SQLError.java:64)
	at com.mysql.cj.jdbc.ConnectionImpl.rollback(ConnectionImpl.java:1807)
	at com.zaxxer.hikari.pool.ProxyConnection.rollback(ProxyConnection.java:385)
	at com.zaxxer.hikari.pool.HikariProxyConnection.rollback(HikariProxyConnection.java)
	at org.hibernate.resource.jdbc.internal.AbstractLogicalConnectionImplementor.rollback(AbstractLogicalConnectionImplementor.java:121)
	at org.hibernate.resource.transaction.backend.jdbc.internal.JdbcResourceLocalTransactionCoordinatorImpl$TransactionDriverControlImpl.rollback(JdbcResourceLocalTransactionCoordinatorImpl.java:290)
	at org.hibernate.engine.transaction.internal.TransactionImpl.rollback(TransactionImpl.java:142)
	at org.springframework.orm.jpa.JpaTransactionManager.doRollback(JpaTransactionManager.java:588)
	at org.springframework.transaction.support.AbstractPlatformTransactionManager.processRollback(AbstractPlatformTransactionManager.java:896)
	at org.springframework.transaction.support.AbstractPlatformTransactionManager.rollback(AbstractPlatformTransactionManager.java:865)
	at org.springframework.transaction.interceptor.TransactionAspectSupport.completeTransactionAfterThrowing(TransactionAspectSupport.java:687)
	at org.springframework.transaction.interceptor.TransactionAspectSupport.invokeWithinTransaction(TransactionAspectSupport.java:389)
	at org.springframework.transaction.interceptor.TransactionInterceptor.invoke(TransactionInterceptor.java:119)
	at org.springframework.aop.framework.ReflectiveMethodInvocation.proceed(ReflectiveMethodInvocation.java:184)
	at org.springframework.dao.support.PersistenceExceptionTranslationInterceptor.invoke(PersistenceExceptionTranslationInterceptor.java:137)
	at org.springframework.aop.framework.ReflectiveMethodInvocation.proceed(ReflectiveMethodInvocation.java:184)
	at org.springframework.data.jpa.repository.support.CrudMethodMetadataPostProcessor$CrudMethodMetadataPopulatingMethodInterceptor.invoke(CrudMethodMetadataPostProcessor.java:164)
	at org.springframework.aop.framework.ReflectiveMethodInvocation.proceed(ReflectiveMethodInvocation.java:184)
	at org.springframework.aop.interceptor.ExposeInvocationInterceptor.invoke(ExposeInvocationInterceptor.java:97)
	at org.springframework.aop.framework.ReflectiveMethodInvocation.proceed(ReflectiveMethodInvocation.java:184)
	at org.springframework.aop.framework.JdkDynamicAopProxy.invoke(JdkDynamicAopProxy.java:220)
	at jdk.proxy2/jdk.proxy2.$Proxy122.saveAll(Unknown Source)
	at com.excel.service.FileUploader.executeBatchRecordJpa(FileUploader.java:513)
	at com.excel.service.FileUploader.readFile(FileUploader.java:455)
	at com.excel.service.FileUploader.processFiles(FileUploader.java:182)
	at jdk.internal.reflect.GeneratedMethodAccessor29.invoke(Unknown Source)
	at java.base/jdk.internal.reflect.DelegatingMethodAccessorImpl.invoke(DelegatingMethodAccessorImpl.java:43)
	at java.base/java.lang.reflect.Method.invoke(Method.java:568)
	at org.springframework.aop.support.AopUtils.invokeJoinpointUsingReflection(AopUtils.java:351)
	at org.springframework.aop.framework.CglibAopProxy$DynamicAdvisedInterceptor.intercept(CglibAopProxy.java:713)
	at com.excel.service.FileUploader$$SpringCGLIB$$0.processFiles(<generated>)
	at jdk.internal.reflect.GeneratedMethodAccessor29.invoke(Unknown Source)
	at java.base/jdk.internal.reflect.DelegatingMethodAccessorImpl.invoke(DelegatingMethodAccessorImpl.java:43)
	at java.base/java.lang.reflect.Method.invoke(Method.java:568)
	at org.springframework.scheduling.support.ScheduledMethodRunnable.runInternal(ScheduledMethodRunnable.java:130)
	at org.springframework.scheduling.support.ScheduledMethodRunnable.lambda$run$2(ScheduledMethodRunnable.java:124)
	at io.micrometer.observation.Observation.observe(Observation.java:499)
	at org.springframework.scheduling.support.ScheduledMethodRunnable.run(ScheduledMethodRunnable.java:124)
	at org.springframework.scheduling.support.DelegatingErrorHandlingRunnable.run(DelegatingErrorHandlingRunnable.java:54)
	at java.base/java.util.concurrent.Executors$RunnableAdapter.call(Executors.java:539)
	at java.base/java.util.concurrent.FutureTask.runAndReset(FutureTask.java:305)
	at java.base/java.util.concurrent.ScheduledThreadPoolExecutor$ScheduledFutureTask.run(ScheduledThreadPoolExecutor.java:305)
	at java.base/java.util.concurrent.ThreadPoolExecutor.runWorker(ThreadPoolExecutor.java:1136)
	at java.base/java.util.concurrent.ThreadPoolExecutor$Worker.run(ThreadPoolExecutor.java:635)
	at java.base/java.lang.Thread.run(Thread.java:842)
2026-01-30 21:24:45 ERROR o.s.t.i.TransactionInterceptor:695 - Application exception overridden by rollback exception
java.lang.IllegalStateException: Session/EntityManager is closed
	at org.hibernate.internal.AbstractSharedSessionContract.checkOpen(AbstractSharedSessionContract.java:454)
	at org.hibernate.engine.spi.SharedSessionContractImplementor.checkOpen(SharedSessionContractImplementor.java:187)
	at org.hibernate.internal.SessionImpl.persist(SessionImpl.java:757)
	at jdk.internal.reflect.GeneratedMethodAccessor31.invoke(Unknown Source)
	at java.base/jdk.internal.reflect.DelegatingMethodAccessorImpl.invoke(DelegatingMethodAccessorImpl.java:43)
	at java.base/java.lang.reflect.Method.invoke(Method.java:568)
	at org.springframework.orm.jpa.SharedEntityManagerCreator$SharedEntityManagerInvocationHandler.invoke(SharedEntityManagerCreator.java:319)
	at jdk.proxy2/jdk.proxy2.$Proxy113.persist(Unknown Source)
	at org.springframework.data.jpa.repository.support.SimpleJpaRepository.save(SimpleJpaRepository.java:618)
	at org.springframework.data.jpa.repository.support.SimpleJpaRepository.saveAll(SimpleJpaRepository.java:644)
	at java.base/jdk.internal.reflect.NativeMethodAccessorImpl.invoke0(Native Method)
	at java.base/jdk.internal.reflect.NativeMethodAccessorImpl.invoke(NativeMethodAccessorImpl.java:77)
	at java.base/jdk.internal.reflect.DelegatingMethodAccessorImpl.invoke(DelegatingMethodAccessorImpl.java:43)
	at java.base/java.lang.reflect.Method.invoke(Method.java:568)
	at org.springframework.aop.support.AopUtils.invokeJoinpointUsingReflection(AopUtils.java:351)
	at org.springframework.data.repository.core.support.RepositoryMethodInvoker$RepositoryFragmentMethodInvoker.lambda$new$0(RepositoryMethodInvoker.java:277)
	at org.springframework.data.repository.core.support.RepositoryMethodInvoker.doInvoke(RepositoryMethodInvoker.java:170)
	at org.springframework.data.repository.core.support.RepositoryMethodInvoker.invoke(RepositoryMethodInvoker.java:158)
	at org.springframework.data.repository.core.support.RepositoryComposition$RepositoryFragments.invoke(RepositoryComposition.java:516)
	at org.springframework.data.repository.core.support.RepositoryComposition.invoke(RepositoryComposition.java:285)
	at org.springframework.data.repository.core.support.RepositoryFactorySupport$ImplementationMethodExecutionInterceptor.invoke(RepositoryFactorySupport.java:628)
	at org.springframework.aop.framework.ReflectiveMethodInvocation.proceed(ReflectiveMethodInvocation.java:184)
	at org.springframework.data.repository.core.support.QueryExecutorMethodInterceptor.doInvoke(QueryExecutorMethodInterceptor.java:168)
	at org.springframework.data.repository.core.support.QueryExecutorMethodInterceptor.invoke(QueryExecutorMethodInterceptor.java:143)
	at org.springframework.aop.framework.ReflectiveMethodInvocation.proceed(ReflectiveMethodInvocation.java:184)
	at org.springframework.data.projection.DefaultMethodInvokingMethodInterceptor.invoke(DefaultMethodInvokingMethodInterceptor.java:70)
	at org.springframework.aop.framework.ReflectiveMethodInvocation.proceed(ReflectiveMethodInvocation.java:184)
	at org.springframework.transaction.interceptor.TransactionInterceptor$1.proceedWithInvocation(TransactionInterceptor.java:123)
	at org.springframework.transaction.interceptor.TransactionAspectSupport.invokeWithinTransaction(TransactionAspectSupport.java:385)
	at org.springframework.transaction.interceptor.TransactionInterceptor.invoke(TransactionInterceptor.java:119)
	at org.springframework.aop.framework.ReflectiveMethodInvocation.proceed(ReflectiveMethodInvocation.java:184)
	at org.springframework.dao.support.PersistenceExceptionTranslationInterceptor.invoke(PersistenceExceptionTranslationInterceptor.java:137)
	at org.springframework.aop.framework.ReflectiveMethodInvocation.proceed(ReflectiveMethodInvocation.java:184)
	at org.springframework.data.jpa.repository.support.CrudMethodMetadataPostProcessor$CrudMethodMetadataPopulatingMethodInterceptor.invoke(CrudMethodMetadataPostProcessor.java:164)
	at org.springframework.aop.framework.ReflectiveMethodInvocation.proceed(ReflectiveMethodInvocation.java:184)
	at org.springframework.aop.interceptor.ExposeInvocationInterceptor.invoke(ExposeInvocationInterceptor.java:97)
	at org.springframework.aop.framework.ReflectiveMethodInvocation.proceed(ReflectiveMethodInvocation.java:184)
	at org.springframework.aop.framework.JdkDynamicAopProxy.invoke(JdkDynamicAopProxy.java:220)
	at jdk.proxy2/jdk.proxy2.$Proxy122.saveAll(Unknown Source)
	at com.excel.service.FileUploader.executeBatchRecordJpa(FileUploader.java:513)
	at com.excel.service.FileUploader.readFile(FileUploader.java:455)
	at com.excel.service.FileUploader.processFiles(FileUploader.java:182)
	at jdk.internal.reflect.GeneratedMethodAccessor29.invoke(Unknown Source)
	at java.base/jdk.internal.reflect.DelegatingMethodAccessorImpl.invoke(DelegatingMethodAccessorImpl.java:43)
	at java.base/java.lang.reflect.Method.invoke(Method.java:568)
	at org.springframework.aop.support.AopUtils.invokeJoinpointUsingReflection(AopUtils.java:351)
	at org.springframework.aop.framework.CglibAopProxy$DynamicAdvisedInterceptor.intercept(CglibAopProxy.java:713)
	at com.excel.service.FileUploader$$SpringCGLIB$$0.processFiles(<generated>)
	at jdk.internal.reflect.GeneratedMethodAccessor29.invoke(Unknown Source)
	at java.base/jdk.internal.reflect.DelegatingMethodAccessorImpl.invoke(DelegatingMethodAccessorImpl.java:43)
	at java.base/java.lang.reflect.Method.invoke(Method.java:568)
	at org.springframework.scheduling.support.ScheduledMethodRunnable.runInternal(ScheduledMethodRunnable.java:130)
	at org.springframework.scheduling.support.ScheduledMethodRunnable.lambda$run$2(ScheduledMethodRunnable.java:124)
	at io.micrometer.observation.Observation.observe(Observation.java:499)
	at org.springframework.scheduling.support.ScheduledMethodRunnable.run(ScheduledMethodRunnable.java:124)
	at org.springframework.scheduling.support.DelegatingErrorHandlingRunnable.run(DelegatingErrorHandlingRunnable.java:54)
	at java.base/java.util.concurrent.Executors$RunnableAdapter.call(Executors.java:539)
	at java.base/java.util.concurrent.FutureTask.runAndReset(FutureTask.java:305)
	at java.base/java.util.concurrent.ScheduledThreadPoolExecutor$ScheduledFutureTask.run(ScheduledThreadPoolExecutor.java:305)
	at java.base/java.util.concurrent.ThreadPoolExecutor.runWorker(ThreadPoolExecutor.java:1136)
	at java.base/java.util.concurrent.ThreadPoolExecutor$Worker.run(ThreadPoolExecutor.java:635)
	at java.base/java.lang.Thread.run(Thread.java:842)
2026-01-30 21:24:45 ERROR com.excel.service.FileUploader:209 - Unhandled exception while processing file SERIALUPLOADINB - Copy (3).xlsx
org.springframework.boot.context.properties.ConfigurationPropertiesBindException: Error creating bean with name 'spring.datasource-org.springframework.boot.autoconfigure.jdbc.DataSourceProperties': Could not bind properties to 'DataSourceProperties' : prefix=spring.datasource, ignoreInvalidFields=false, ignoreUnknownFields=true
	at org.springframework.boot.context.properties.ConfigurationPropertiesBindingPostProcessor.bind(ConfigurationPropertiesBindingPostProcessor.java:99)
	at org.springframework.boot.context.properties.ConfigurationPropertiesBindingPostProcessor.postProcessBeforeInitialization(ConfigurationPropertiesBindingPostProcessor.java:79)
	at org.springframework.beans.factory.support.AbstractAutowireCapableBeanFactory.applyBeanPostProcessorsBeforeInitialization(AbstractAutowireCapableBeanFactory.java:421)
	at org.springframework.beans.factory.support.AbstractAutowireCapableBeanFactory.initializeBean(AbstractAutowireCapableBeanFactory.java:1765)
	at org.springframework.beans.factory.support.AbstractAutowireCapableBeanFactory.doCreateBean(AbstractAutowireCapableBeanFactory.java:599)
	at org.springframework.beans.factory.support.AbstractAutowireCapableBeanFactory.createBean(AbstractAutowireCapableBeanFactory.java:521)
	at org.springframework.beans.factory.support.AbstractBeanFactory.lambda$doGetBean$0(AbstractBeanFactory.java:325)
	at org.springframework.beans.factory.support.DefaultSingletonBeanRegistry.getSingleton(DefaultSingletonBeanRegistry.java:234)
	at org.springframework.beans.factory.support.AbstractBeanFactory.doGetBean(AbstractBeanFactory.java:323)
	at org.springframework.beans.factory.support.AbstractBeanFactory.getBean(AbstractBeanFactory.java:199)
	at org.springframework.beans.factory.config.DependencyDescriptor.resolveCandidate(DependencyDescriptor.java:254)
	at org.springframework.beans.factory.support.DefaultListableBeanFactory.doResolveDependency(DefaultListableBeanFactory.java:1443)
	at org.springframework.beans.factory.support.DefaultListableBeanFactory.resolveDependency(DefaultListableBeanFactory.java:1353)
	at org.springframework.beans.factory.support.ConstructorResolver.resolveAutowiredArgument(ConstructorResolver.java:907)
	at org.springframework.beans.factory.support.ConstructorResolver.resolvePreparedArguments(ConstructorResolver.java:839)
	at org.springframework.beans.factory.support.ConstructorResolver.instantiateUsingFactoryMethod(ConstructorResolver.java:448)
	at org.springframework.beans.factory.support.AbstractAutowireCapableBeanFactory.instantiateUsingFactoryMethod(AbstractAutowireCapableBeanFactory.java:1334)
	at org.springframework.beans.factory.support.AbstractAutowireCapableBeanFactory.createBeanInstance(AbstractAutowireCapableBeanFactory.java:1164)
	at org.springframework.beans.factory.support.AbstractAutowireCapableBeanFactory.doCreateBean(AbstractAutowireCapableBeanFactory.java:561)
	at org.springframework.beans.factory.support.AbstractAutowireCapableBeanFactory.createBean(AbstractAutowireCapableBeanFactory.java:521)
	at org.springframework.beans.factory.support.AbstractBeanFactory.lambda$doGetBean$0(AbstractBeanFactory.java:325)
	at org.springframework.beans.factory.support.DefaultSingletonBeanRegistry.getSingleton(DefaultSingletonBeanRegistry.java:234)
	at org.springframework.beans.factory.support.AbstractBeanFactory.doGetBean(AbstractBeanFactory.java:323)
	at org.springframework.beans.factory.support.AbstractBeanFactory.getBean(AbstractBeanFactory.java:199)
	at org.springframework.beans.factory.config.DependencyDescriptor.resolveCandidate(DependencyDescriptor.java:254)
	at org.springframework.beans.factory.support.DefaultListableBeanFactory.doResolveDependency(DefaultListableBeanFactory.java:1443)
	at org.springframework.beans.factory.support.DefaultListableBeanFactory.resolveDependency(DefaultListableBeanFactory.java:1353)
	at org.springframework.beans.factory.support.ConstructorResolver.resolveAutowiredArgument(ConstructorResolver.java:907)
	at org.springframework.beans.factory.support.ConstructorResolver.resolvePreparedArguments(ConstructorResolver.java:839)
	at org.springframework.beans.factory.support.ConstructorResolver.instantiateUsingFactoryMethod(ConstructorResolver.java:448)
	at org.springframework.beans.factory.support.AbstractAutowireCapableBeanFactory.instantiateUsingFactoryMethod(AbstractAutowireCapableBeanFactory.java:1334)
	at org.springframework.beans.factory.support.AbstractAutowireCapableBeanFactory.createBeanInstance(AbstractAutowireCapableBeanFactory.java:1164)
	at org.springframework.beans.factory.support.AbstractAutowireCapableBeanFactory.doCreateBean(AbstractAutowireCapableBeanFactory.java:561)
	at org.springframework.beans.factory.support.AbstractAutowireCapableBeanFactory.createBean(AbstractAutowireCapableBeanFactory.java:521)
	at org.springframework.beans.factory.support.AbstractBeanFactory.lambda$doGetBean$0(AbstractBeanFactory.java:325)
	at org.springframework.beans.factory.support.DefaultSingletonBeanRegistry.getSingleton(DefaultSingletonBeanRegistry.java:234)
	at org.springframework.beans.factory.support.AbstractBeanFactory.doGetBean(AbstractBeanFactory.java:323)
	at org.springframework.beans.factory.support.AbstractBeanFactory.getBean(AbstractBeanFactory.java:199)
	at org.springframework.beans.factory.support.AbstractBeanFactory.doGetBean(AbstractBeanFactory.java:312)
	at org.springframework.beans.factory.support.AbstractBeanFactory.getBean(AbstractBeanFactory.java:199)
	at org.springframework.beans.factory.support.DefaultListableBeanFactory$1.orderedStream(DefaultListableBeanFactory.java:473)
	at org.springframework.dao.support.PersistenceExceptionTranslationInterceptor.detectPersistenceExceptionTranslators(PersistenceExceptionTranslationInterceptor.java:167)
	at org.springframework.dao.support.PersistenceExceptionTranslationInterceptor.invoke(PersistenceExceptionTranslationInterceptor.java:149)
	at org.springframework.aop.framework.ReflectiveMethodInvocation.proceed(ReflectiveMethodInvocation.java:184)
	at org.springframework.data.jpa.repository.support.CrudMethodMetadataPostProcessor$CrudMethodMetadataPopulatingMethodInterceptor.invoke(CrudMethodMetadataPostProcessor.java:164)
	at org.springframework.aop.framework.ReflectiveMethodInvocation.proceed(ReflectiveMethodInvocation.java:184)
	at org.springframework.aop.interceptor.ExposeInvocationInterceptor.invoke(ExposeInvocationInterceptor.java:97)
	at org.springframework.aop.framework.ReflectiveMethodInvocation.proceed(ReflectiveMethodInvocation.java:184)
	at org.springframework.aop.framework.JdkDynamicAopProxy.invoke(JdkDynamicAopProxy.java:220)
	at jdk.proxy2/jdk.proxy2.$Proxy122.saveAll(Unknown Source)
	at com.excel.service.FileUploader.executeBatchRecordJpa(FileUploader.java:513)
	at com.excel.service.FileUploader.readFile(FileUploader.java:455)
	at com.excel.service.FileUploader.processFiles(FileUploader.java:182)
	at jdk.internal.reflect.GeneratedMethodAccessor29.invoke(Unknown Source)
	at java.base/jdk.internal.reflect.DelegatingMethodAccessorImpl.invoke(DelegatingMethodAccessorImpl.java:43)
	at java.base/java.lang.reflect.Method.invoke(Method.java:568)
	at org.springframework.aop.support.AopUtils.invokeJoinpointUsingReflection(AopUtils.java:351)
	at org.springframework.aop.framework.CglibAopProxy$DynamicAdvisedInterceptor.intercept(CglibAopProxy.java:713)
	at com.excel.service.FileUploader$$SpringCGLIB$$0.processFiles(<generated>)
	at jdk.internal.reflect.GeneratedMethodAccessor29.invoke(Unknown Source)
	at java.base/jdk.internal.reflect.DelegatingMethodAccessorImpl.invoke(DelegatingMethodAccessorImpl.java:43)
	at java.base/java.lang.reflect.Method.invoke(Method.java:568)
	at org.springframework.scheduling.support.ScheduledMethodRunnable.runInternal(ScheduledMethodRunnable.java:130)
	at org.springframework.scheduling.support.ScheduledMethodRunnable.lambda$run$2(ScheduledMethodRunnable.java:124)
	at io.micrometer.observation.Observation.observe(Observation.java:499)
	at org.springframework.scheduling.support.ScheduledMethodRunnable.run(ScheduledMethodRunnable.java:124)
	at org.springframework.scheduling.support.DelegatingErrorHandlingRunnable.run(DelegatingErrorHandlingRunnable.java:54)
	at java.base/java.util.concurrent.Executors$RunnableAdapter.call(Executors.java:539)
	at java.base/java.util.concurrent.FutureTask.runAndReset(FutureTask.java:305)
	at java.base/java.util.concurrent.ScheduledThreadPoolExecutor$ScheduledFutureTask.run(ScheduledThreadPoolExecutor.java:305)
	at java.base/java.util.concurrent.ThreadPoolExecutor.runWorker(ThreadPoolExecutor.java:1136)
	at java.base/java.util.concurrent.ThreadPoolExecutor$Worker.run(ThreadPoolExecutor.java:635)
	at java.base/java.lang.Thread.run(Thread.java:842)
Caused by: java.lang.IllegalStateException: org.springframework.boot.web.servlet.context.AnnotationConfigServletWebServerApplicationContext@7516e4e5 has been closed already
	at org.springframework.context.support.AbstractApplicationContext.assertBeanFactoryActive(AbstractApplicationContext.java:1215)
	at org.springframework.context.support.AbstractApplicationContext.getBean(AbstractApplicationContext.java:1236)
	at org.springframework.boot.context.properties.BoundConfigurationProperties.get(BoundConfigurationProperties.java:78)
	at org.springframework.boot.context.properties.ConfigurationPropertiesBinder.getHandler(ConfigurationPropertiesBinder.java:132)
	at org.springframework.boot.context.properties.ConfigurationPropertiesBinder.getBindHandler(ConfigurationPropertiesBinder.java:113)
	at org.springframework.boot.context.properties.ConfigurationPropertiesBinder.bind(ConfigurationPropertiesBinder.java:93)
	at org.springframework.boot.context.properties.ConfigurationPropertiesBindingPostProcessor.bind(ConfigurationPropertiesBindingPostProcessor.java:96)
	... 72 common frames omitted
2026-01-30 21:24:45 ERROR com.excel.service.FileUploader:654 - ❌ Failed to log and notify for file SERIALUPLOADINB - Copy (3).xlsx
org.springframework.boot.context.properties.ConfigurationPropertiesBindException: Error creating bean with name 'spring.datasource-org.springframework.boot.autoconfigure.jdbc.DataSourceProperties': Could not bind properties to 'DataSourceProperties' : prefix=spring.datasource, ignoreInvalidFields=false, ignoreUnknownFields=true
	at org.springframework.boot.context.properties.ConfigurationPropertiesBindingPostProcessor.bind(ConfigurationPropertiesBindingPostProcessor.java:99)
	at org.springframework.boot.context.properties.ConfigurationPropertiesBindingPostProcessor.postProcessBeforeInitialization(ConfigurationPropertiesBindingPostProcessor.java:79)
	at org.springframework.beans.factory.support.AbstractAutowireCapableBeanFactory.applyBeanPostProcessorsBeforeInitialization(AbstractAutowireCapableBeanFactory.java:421)
	at org.springframework.beans.factory.support.AbstractAutowireCapableBeanFactory.initializeBean(AbstractAutowireCapableBeanFactory.java:1765)
	at org.springframework.beans.factory.support.AbstractAutowireCapableBeanFactory.doCreateBean(AbstractAutowireCapableBeanFactory.java:599)
	at org.springframework.beans.factory.support.AbstractAutowireCapableBeanFactory.createBean(AbstractAutowireCapableBeanFactory.java:521)
	at org.springframework.beans.factory.support.AbstractBeanFactory.lambda$doGetBean$0(AbstractBeanFactory.java:325)
	at org.springframework.beans.factory.support.DefaultSingletonBeanRegistry.getSingleton(DefaultSingletonBeanRegistry.java:234)
	at org.springframework.beans.factory.support.AbstractBeanFactory.doGetBean(AbstractBeanFactory.java:323)
	at org.springframework.beans.factory.support.AbstractBeanFactory.getBean(AbstractBeanFactory.java:199)
	at org.springframework.beans.factory.config.DependencyDescriptor.resolveCandidate(DependencyDescriptor.java:254)
	at org.springframework.beans.factory.support.DefaultListableBeanFactory.doResolveDependency(DefaultListableBeanFactory.java:1443)
	at org.springframework.beans.factory.support.DefaultListableBeanFactory.resolveDependency(DefaultListableBeanFactory.java:1353)
	at org.springframework.beans.factory.support.ConstructorResolver.resolveAutowiredArgument(ConstructorResolver.java:907)
	at org.springframework.beans.factory.support.ConstructorResolver.resolvePreparedArguments(ConstructorResolver.java:839)
	at org.springframework.beans.factory.support.ConstructorResolver.instantiateUsingFactoryMethod(ConstructorResolver.java:448)
	at org.springframework.beans.factory.support.AbstractAutowireCapableBeanFactory.instantiateUsingFactoryMethod(AbstractAutowireCapableBeanFactory.java:1334)
	at org.springframework.beans.factory.support.AbstractAutowireCapableBeanFactory.createBeanInstance(AbstractAutowireCapableBeanFactory.java:1164)
	at org.springframework.beans.factory.support.AbstractAutowireCapableBeanFactory.doCreateBean(AbstractAutowireCapableBeanFactory.java:561)
	at org.springframework.beans.factory.support.AbstractAutowireCapableBeanFactory.createBean(AbstractAutowireCapableBeanFactory.java:521)
	at org.springframework.beans.factory.support.AbstractBeanFactory.lambda$doGetBean$0(AbstractBeanFactory.java:325)
	at org.springframework.beans.factory.support.DefaultSingletonBeanRegistry.getSingleton(DefaultSingletonBeanRegistry.java:234)
	at org.springframework.beans.factory.support.AbstractBeanFactory.doGetBean(AbstractBeanFactory.java:323)
	at org.springframework.beans.factory.support.AbstractBeanFactory.getBean(AbstractBeanFactory.java:199)
	at org.springframework.beans.factory.config.DependencyDescriptor.resolveCandidate(DependencyDescriptor.java:254)
	at org.springframework.beans.factory.support.DefaultListableBeanFactory.doResolveDependency(DefaultListableBeanFactory.java:1443)
	at org.springframework.beans.factory.support.DefaultListableBeanFactory.resolveDependency(DefaultListableBeanFactory.java:1353)
	at org.springframework.beans.factory.support.ConstructorResolver.resolveAutowiredArgument(ConstructorResolver.java:907)
	at org.springframework.beans.factory.support.ConstructorResolver.resolvePreparedArguments(ConstructorResolver.java:839)
	at org.springframework.beans.factory.support.ConstructorResolver.instantiateUsingFactoryMethod(ConstructorResolver.java:448)
	at org.springframework.beans.factory.support.AbstractAutowireCapableBeanFactory.instantiateUsingFactoryMethod(AbstractAutowireCapableBeanFactory.java:1334)
	at org.springframework.beans.factory.support.AbstractAutowireCapableBeanFactory.createBeanInstance(AbstractAutowireCapableBeanFactory.java:1164)
	at org.springframework.beans.factory.support.AbstractAutowireCapableBeanFactory.doCreateBean(AbstractAutowireCapableBeanFactory.java:561)
	at org.springframework.beans.factory.support.AbstractAutowireCapableBeanFactory.createBean(AbstractAutowireCapableBeanFactory.java:521)
	at org.springframework.beans.factory.support.AbstractBeanFactory.lambda$doGetBean$0(AbstractBeanFactory.java:325)
	at org.springframework.beans.factory.support.DefaultSingletonBeanRegistry.getSingleton(DefaultSingletonBeanRegistry.java:234)
	at org.springframework.beans.factory.support.AbstractBeanFactory.doGetBean(AbstractBeanFactory.java:323)
	at org.springframework.beans.factory.support.AbstractBeanFactory.getBean(AbstractBeanFactory.java:199)
	at org.springframework.beans.factory.support.AbstractBeanFactory.doGetBean(AbstractBeanFactory.java:312)
	at org.springframework.beans.factory.support.AbstractBeanFactory.getBean(AbstractBeanFactory.java:199)
	at org.springframework.beans.factory.support.DefaultListableBeanFactory$1.orderedStream(DefaultListableBeanFactory.java:473)
	at org.springframework.dao.support.PersistenceExceptionTranslationInterceptor.detectPersistenceExceptionTranslators(PersistenceExceptionTranslationInterceptor.java:167)
	at org.springframework.dao.support.PersistenceExceptionTranslationInterceptor.invoke(PersistenceExceptionTranslationInterceptor.java:149)
	at org.springframework.aop.framework.ReflectiveMethodInvocation.proceed(ReflectiveMethodInvocation.java:184)
	at org.springframework.data.jpa.repository.support.CrudMethodMetadataPostProcessor$CrudMethodMetadataPopulatingMethodInterceptor.invoke(CrudMethodMetadataPostProcessor.java:164)
	at org.springframework.aop.framework.ReflectiveMethodInvocation.proceed(ReflectiveMethodInvocation.java:184)
	at org.springframework.aop.interceptor.ExposeInvocationInterceptor.invoke(ExposeInvocationInterceptor.java:97)
	at org.springframework.aop.framework.ReflectiveMethodInvocation.proceed(ReflectiveMethodInvocation.java:184)
	at org.springframework.aop.framework.JdkDynamicAopProxy.invoke(JdkDynamicAopProxy.java:220)
	at jdk.proxy2/jdk.proxy2.$Proxy116.save(Unknown Source)
	at com.excel.service.FileUploader.insertValidationLog(FileUploader.java:626)
	at com.excel.service.FileUploader.processFiles(FileUploader.java:211)
	at jdk.internal.reflect.GeneratedMethodAccessor29.invoke(Unknown Source)
	at java.base/jdk.internal.reflect.DelegatingMethodAccessorImpl.invoke(DelegatingMethodAccessorImpl.java:43)
	at java.base/java.lang.reflect.Method.invoke(Method.java:568)
	at org.springframework.aop.support.AopUtils.invokeJoinpointUsingReflection(AopUtils.java:351)
	at org.springframework.aop.framework.CglibAopProxy$DynamicAdvisedInterceptor.intercept(CglibAopProxy.java:713)
	at com.excel.service.FileUploader$$SpringCGLIB$$0.processFiles(<generated>)
	at jdk.internal.reflect.GeneratedMethodAccessor29.invoke(Unknown Source)
	at java.base/jdk.internal.reflect.DelegatingMethodAccessorImpl.invoke(DelegatingMethodAccessorImpl.java:43)
	at java.base/java.lang.reflect.Method.invoke(Method.java:568)
	at org.springframework.scheduling.support.ScheduledMethodRunnable.runInternal(ScheduledMethodRunnable.java:130)
	at org.springframework.scheduling.support.ScheduledMethodRunnable.lambda$run$2(ScheduledMethodRunnable.java:124)
	at io.micrometer.observation.Observation.observe(Observation.java:499)
	at org.springframework.scheduling.support.ScheduledMethodRunnable.run(ScheduledMethodRunnable.java:124)
	at org.springframework.scheduling.support.DelegatingErrorHandlingRunnable.run(DelegatingErrorHandlingRunnable.java:54)
	at java.base/java.util.concurrent.Executors$RunnableAdapter.call(Executors.java:539)
	at java.base/java.util.concurrent.FutureTask.runAndReset(FutureTask.java:305)
	at java.base/java.util.concurrent.ScheduledThreadPoolExecutor$ScheduledFutureTask.run(ScheduledThreadPoolExecutor.java:305)
	at java.base/java.util.concurrent.ThreadPoolExecutor.runWorker(ThreadPoolExecutor.java:1136)
	at java.base/java.util.concurrent.ThreadPoolExecutor$Worker.run(ThreadPoolExecutor.java:635)
	at java.base/java.lang.Thread.run(Thread.java:842)
Caused by: java.lang.IllegalStateException: org.springframework.boot.web.servlet.context.AnnotationConfigServletWebServerApplicationContext@7516e4e5 has been closed already
	at org.springframework.context.support.AbstractApplicationContext.assertBeanFactoryActive(AbstractApplicationContext.java:1215)
	at org.springframework.context.support.AbstractApplicationContext.getBean(AbstractApplicationContext.java:1236)
	at org.springframework.boot.context.properties.BoundConfigurationProperties.get(BoundConfigurationProperties.java:78)
	at org.springframework.boot.context.properties.ConfigurationPropertiesBinder.getHandler(ConfigurationPropertiesBinder.java:132)
	at org.springframework.boot.context.properties.ConfigurationPropertiesBinder.getBindHandler(ConfigurationPropertiesBinder.java:113)
	at org.springframework.boot.context.properties.ConfigurationPropertiesBinder.bind(ConfigurationPropertiesBinder.java:93)
	at org.springframework.boot.context.properties.ConfigurationPropertiesBindingPostProcessor.bind(ConfigurationPropertiesBindingPostProcessor.java:96)
	... 71 common frames omitted
2026-01-30 21:24:45 WARN  com.excel.service.FileUploader:111 - File still copying, skipping: SERIALUPLOADINB - Copy (5).xlsx
2026-01-30 21:24:49 INFO  com.excel.ExcelApplication:50 - Starting ExcelApplication using Java 17.0.12 with PID 99420 (/Users/ayushgupta/Downloads/Excel Upload/target/classes started by ayushgupta in /Users/ayushgupta/Downloads/Excel Upload)
2026-01-30 21:24:49 INFO  com.excel.ExcelApplication:654 - No active profile set, falling back to 1 default profile: "default"
2026-01-30 21:24:49 INFO  o.s.d.r.c.RepositoryConfigurationDelegate:139 - Bootstrapping Spring Data JPA repositories in DEFAULT mode.
2026-01-30 21:24:49 INFO  o.s.d.r.c.RepositoryConfigurationDelegate:208 - Finished Spring Data repository scanning in 18 ms. Found 2 JPA repository interfaces.
2026-01-30 21:24:49 INFO  o.s.b.w.e.tomcat.TomcatWebServer:109 - Tomcat initialized with port 8080 (http)
2026-01-30 21:24:49 INFO  o.a.coyote.http11.Http11NioProtocol:173 - Initializing ProtocolHandler ["http-nio-8080"]
2026-01-30 21:24:49 INFO  o.a.catalina.core.StandardService:173 - Starting service [Tomcat]
2026-01-30 21:24:49 INFO  o.a.catalina.core.StandardEngine:173 - Starting Servlet engine: [Apache Tomcat/10.1.18]
2026-01-30 21:24:49 INFO  o.a.c.c.C.[Tomcat].[localhost].[/]:173 - Initializing Spring embedded WebApplicationContext
2026-01-30 21:24:49 INFO  o.s.b.w.s.c.ServletWebServerApplicationContext:296 - Root WebApplicationContext: initialization completed in 453 ms
2026-01-30 21:24:49 INFO  o.h.jpa.internal.util.LogHelper:31 - HHH000204: Processing PersistenceUnitInfo [name: default]
2026-01-30 21:24:49 INFO  org.hibernate.Version:44 - HHH000412: Hibernate ORM core version 6.4.1.Final
2026-01-30 21:24:49 INFO  o.h.c.i.RegionFactoryInitiator:50 - HHH000026: Second-level cache disabled
2026-01-30 21:24:49 INFO  o.s.o.j.p.SpringPersistenceUnitInfo:87 - No LoadTimeWeaver setup: ignoring JPA class transformer
2026-01-30 21:24:49 INFO  com.zaxxer.hikari.HikariDataSource:110 - HikariPool-1 - Starting...
2026-01-30 21:24:49 INFO  com.zaxxer.hikari.pool.HikariPool:565 - HikariPool-1 - Added connection com.mysql.cj.jdbc.ConnectionImpl@72f3f14c
2026-01-30 21:24:49 INFO  com.zaxxer.hikari.HikariDataSource:123 - HikariPool-1 - Start completed.
2026-01-30 21:24:50 INFO  o.h.e.t.j.p.i.JtaPlatformInitiator:58 - HHH000489: No JTA platform available (set 'hibernate.transaction.jta.platform' to enable JTA platform integration)
2026-01-30 21:24:50 INFO  o.s.o.j.LocalContainerEntityManagerFactoryBean:437 - Initialized JPA EntityManagerFactory for persistence unit 'default'
2026-01-30 21:24:50 INFO  com.excel.ExcelApplication:45 - === WMS EXCEL FILE PROCESSOR STARTED | LOGGING INITIALIZED ===
2026-01-30 21:24:50 INFO  com.excel.ExcelApplication:51 - Apache POI byte array limit increased
2026-01-30 21:24:50 INFO  o.s.d.j.r.query.QueryEnhancerFactory:49 - Hibernate is in classpath; If applicable, HQL parser will be used.
2026-01-30 21:24:50 WARN  o.s.b.a.o.j.JpaBaseConfiguration$JpaWebConfiguration:232 - spring.jpa.open-in-view is enabled by default. Therefore, database queries may be performed during view rendering. Explicitly configure spring.jpa.open-in-view to disable this warning
2026-01-30 21:24:50 INFO  o.a.coyote.http11.Http11NioProtocol:173 - Starting ProtocolHandler ["http-nio-8080"]
2026-01-30 21:24:50 INFO  o.s.b.w.e.tomcat.TomcatWebServer:241 - Tomcat started on port 8080 (http) with context path ''
2026-01-30 21:24:50 INFO  com.excel.ExcelApplication:56 - Started ExcelApplication in 2.063 seconds (process running for 2.447)
2026-01-30 21:25:00 INFO  com.excel.service.FileUploader:92 - Files processing started !
2026-01-30 21:25:13 INFO  o.a.c.c.C.[Tomcat].[localhost].[/]:173 - Initializing Spring DispatcherServlet 'dispatcherServlet'
2026-01-30 21:25:13 INFO  o.s.web.servlet.DispatcherServlet:532 - Initializing Servlet 'dispatcherServlet'
2026-01-30 21:25:13 INFO  o.s.web.servlet.DispatcherServlet:554 - Completed initialization in 0 ms
2026-01-30 21:25:17 INFO  com.excel.service.FileUploader:511 - Batch Execution Starts (JPA)
2026-01-30 21:25:38 INFO  com.excel.service.FileUploader:516 - Batch Execution Completed, records = 106261
2026-01-30 21:25:47 ERROR com.excel.service.FileUploader:192 - Invalid Excel filename pattern: Employee_Sample_Excel.xlsx
2026-01-30 21:25:52 INFO  com.excel.service.FileUploader:651 - 📧 ERROR mail sent for file Employee_Sample_Excel.xlsx
2026-01-30 21:26:08 INFO  com.excel.service.FileUploader:511 - Batch Execution Starts (JPA)
2026-01-30 21:26:29 INFO  com.excel.service.FileUploader:516 - Batch Execution Completed, records = 106261
2026-01-30 21:26:39 ERROR com.excel.service.FileUploader:192 - Invalid Excel filename pattern: NPC_(Pricelist)_July_INBILL.xlsx
2026-01-30 21:26:44 INFO  com.excel.service.FileUploader:651 - 📧 ERROR mail sent for file NPC_(Pricelist)_July_INBILL.xlsx
2026-01-30 21:27:00 INFO  com.excel.service.FileUploader:511 - Batch Execution Starts (JPA)
2026-01-30 21:27:58 WARN  com.zaxxer.hikari.pool.HikariPool:804 - HikariPool-1 - Thread starvation or clock leap detected (housekeeper delta=1m8s667ms).
2026-01-30 21:28:03 INFO  com.excel.service.FileUploader:516 - Batch Execution Completed, records = 106261
2026-01-30 21:28:24 INFO  com.excel.service.FileUploader:511 - Batch Execution Starts (JPA)
2026-01-30 21:43:42 INFO  com.excel.service.FileUploader:516 - Batch Execution Completed, records = 106261
2026-01-30 21:43:52 ERROR com.excel.service.FileUploader:192 - Invalid Excel filename pattern: USER_LOGIN_DATA.xlsx
2026-01-30 21:43:56 WARN  com.zaxxer.hikari.pool.HikariPool:804 - HikariPool-1 - Thread starvation or clock leap detected (housekeeper delta=15m27s419ms).
2026-01-30 21:43:57 INFO  com.excel.service.FileUploader:651 - 📧 ERROR mail sent for file USER_LOGIN_DATA.xlsx
2026-01-30 21:43:57 INFO  com.excel.service.FileUploader:227 - Files processing Completed !
2026-01-30 21:44:57 INFO  com.excel.service.FileUploader:92 - Files processing started !
2026-01-30 21:45:12 INFO  com.excel.service.FileUploader:511 - Batch Execution Starts (JPA)
2026-01-30 21:45:33 INFO  com.excel.service.FileUploader:516 - Batch Execution Completed, records = 106261
2026-01-30 21:45:53 INFO  com.excel.service.FileUploader:511 - Batch Execution Starts (JPA)
2026-01-30 21:46:14 INFO  com.excel.service.FileUploader:516 - Batch Execution Completed, records = 106261
2026-01-30 21:46:24 ERROR com.excel.service.FileUploader:192 - Invalid Excel filename pattern: UNO_Minda_ASN_Sample.xlsx
2026-01-30 21:46:28 INFO  com.excel.service.FileUploader:651 - 📧 ERROR mail sent for file UNO_Minda_ASN_Sample.xlsx
2026-01-30 21:46:44 INFO  com.excel.service.FileUploader:511 - Batch Execution Starts (JPA)
2026-01-30 21:47:04 INFO  com.excel.service.FileUploader:516 - Batch Execution Completed, records = 106261
2026-01-30 21:47:24 INFO  com.excel.service.FileUploader:511 - Batch Execution Starts (JPA)
2026-01-30 21:47:45 INFO  com.excel.service.FileUploader:516 - Batch Execution Completed, records = 106261
2026-01-30 21:47:50 INFO  com.excel.service.FileUploader:227 - Files processing Completed !
2026-01-30 21:48:50 INFO  com.excel.service.FileUploader:92 - Files processing started !
2026-01-30 21:48:50 INFO  com.excel.service.FileUploader:100 - No files found in directory: /Users/ayushgupta/Documents/excel/input
2026-01-30 21:49:50 INFO  com.excel.service.FileUploader:92 - Files processing started !
2026-01-30 21:49:50 INFO  com.excel.service.FileUploader:100 - No files found in directory: /Users/ayushgupta/Documents/excel/input
2026-01-30 22:05:24 WARN  com.zaxxer.hikari.pool.HikariPool:804 - HikariPool-1 - Thread starvation or clock leap detected (housekeeper delta=15m28s76ms).
2026-01-30 22:05:48 INFO  com.excel.service.FileUploader:92 - Files processing started !
2026-01-30 22:05:48 INFO  com.excel.service.FileUploader:100 - No files found in directory: /Users/ayushgupta/Documents/excel/input
2026-01-30 22:21:22 WARN  com.zaxxer.hikari.pool.HikariPool:804 - HikariPool-1 - Thread starvation or clock leap detected (housekeeper delta=15m28s63ms).
2026-01-30 22:21:46 INFO  com.excel.service.FileUploader:92 - Files processing started !
2026-01-30 22:21:46 INFO  com.excel.service.FileUploader:100 - No files found in directory: /Users/ayushgupta/Documents/excel/input
2026-01-30 22:22:46 INFO  com.excel.service.FileUploader:92 - Files processing started !
2026-01-30 22:22:46 INFO  com.excel.service.FileUploader:100 - No files found in directory: /Users/ayushgupta/Documents/excel/input
2026-01-30 22:23:46 INFO  com.excel.service.FileUploader:92 - Files processing started !
2026-01-30 22:23:46 INFO  com.excel.service.FileUploader:100 - No files found in directory: /Users/ayushgupta/Documents/excel/input
2026-01-30 22:24:46 INFO  com.excel.service.FileUploader:92 - Files processing started !
2026-01-30 22:24:46 INFO  com.excel.service.FileUploader:100 - No files found in directory: /Users/ayushgupta/Documents/excel/input
2026-01-30 22:25:46 INFO  com.excel.service.FileUploader:92 - Files processing started !
2026-01-30 22:25:46 INFO  com.excel.service.FileUploader:100 - No files found in directory: /Users/ayushgupta/Documents/excel/input
2026-01-30 22:26:46 INFO  com.excel.service.FileUploader:92 - Files processing started !
2026-01-30 22:26:46 INFO  com.excel.service.FileUploader:100 - No files found in directory: /Users/ayushgupta/Documents/excel/input
2026-01-30 22:27:46 INFO  com.excel.service.FileUploader:92 - Files processing started !
2026-01-30 22:27:46 INFO  com.excel.service.FileUploader:100 - No files found in directory: /Users/ayushgupta/Documents/excel/input
2026-01-30 22:28:46 INFO  com.excel.service.FileUploader:92 - Files processing started !
2026-01-30 22:28:46 INFO  com.excel.service.FileUploader:100 - No files found in directory: /Users/ayushgupta/Documents/excel/input
2026-01-30 22:29:46 INFO  com.excel.service.FileUploader:92 - Files processing started !
2026-01-30 22:29:46 INFO  com.excel.service.FileUploader:100 - No files found in directory: /Users/ayushgupta/Documents/excel/input
2026-01-30 22:30:46 INFO  com.excel.service.FileUploader:92 - Files processing started !
2026-01-30 22:31:03 INFO  com.excel.service.FileUploader:511 - Batch Execution Starts (JPA)
2026-01-30 22:31:25 INFO  com.excel.service.FileUploader:516 - Batch Execution Completed, records = 106261
2026-01-30 22:31:30 INFO  com.excel.service.FileUploader:227 - Files processing Completed !
2026-01-30 22:32:30 INFO  com.excel.service.FileUploader:92 - Files processing started !
2026-01-30 22:32:30 INFO  com.excel.service.FileUploader:100 - No files found in directory: /Users/ayushgupta/Documents/excel/input
2026-01-30 22:33:30 INFO  com.excel.service.FileUploader:92 - Files processing started !
2026-01-30 22:33:30 INFO  com.excel.service.FileUploader:100 - No files found in directory: /Users/ayushgupta/Documents/excel/input
2026-01-30 22:34:30 INFO  com.excel.service.FileUploader:92 - Files processing started !
2026-01-30 22:34:30 INFO  com.excel.service.FileUploader:100 - No files found in directory: /Users/ayushgupta/Documents/excel/input
2026-01-30 22:35:30 INFO  com.excel.service.FileUploader:92 - Files processing started !
2026-01-30 22:35:30 INFO  com.excel.service.FileUploader:100 - No files found in directory: /Users/ayushgupta/Documents/excel/input
2026-01-30 22:36:30 INFO  com.excel.service.FileUploader:92 - Files processing started !
2026-01-30 22:36:30 INFO  com.excel.service.FileUploader:100 - No files found in directory: /Users/ayushgupta/Documents/excel/input
2026-01-30 22:37:30 INFO  com.excel.service.FileUploader:92 - Files processing started !
2026-01-30 22:37:30 INFO  com.excel.service.FileUploader:100 - No files found in directory: /Users/ayushgupta/Documents/excel/input
2026-01-30 22:38:30 INFO  com.excel.service.FileUploader:92 - Files processing started !
2026-01-30 22:38:30 INFO  com.excel.service.FileUploader:100 - No files found in directory: /Users/ayushgupta/Documents/excel/input
2026-01-30 22:39:30 INFO  com.excel.service.FileUploader:92 - Files processing started !
2026-01-30 22:39:30 INFO  com.excel.service.FileUploader:100 - No files found in directory: /Users/ayushgupta/Documents/excel/input
2026-01-30 22:40:30 INFO  com.excel.service.FileUploader:92 - Files processing started !
2026-01-30 22:40:30 INFO  com.excel.service.FileUploader:100 - No files found in directory: /Users/ayushgupta/Documents/excel/input
2026-01-30 22:41:30 INFO  com.excel.service.FileUploader:92 - Files processing started !
2026-01-30 22:41:30 INFO  com.excel.service.FileUploader:100 - No files found in directory: /Users/ayushgupta/Documents/excel/input
2026-01-30 22:42:30 INFO  com.excel.service.FileUploader:92 - Files processing started !
2026-01-30 22:42:30 INFO  com.excel.service.FileUploader:100 - No files found in directory: /Users/ayushgupta/Documents/excel/input
2026-01-30 22:43:30 INFO  com.excel.service.FileUploader:92 - Files processing started !
2026-01-30 22:43:30 INFO  com.excel.service.FileUploader:100 - No files found in directory: /Users/ayushgupta/Documents/excel/input
2026-01-30 22:44:30 INFO  com.excel.service.FileUploader:92 - Files processing started !
2026-01-30 22:44:30 INFO  com.excel.service.FileUploader:100 - No files found in directory: /Users/ayushgupta/Documents/excel/input
2026-01-30 22:45:30 INFO  com.excel.service.FileUploader:92 - Files processing started !
2026-01-30 22:45:30 INFO  com.excel.service.FileUploader:100 - No files found in directory: /Users/ayushgupta/Documents/excel/input
2026-01-30 22:46:30 INFO  com.excel.service.FileUploader:92 - Files processing started !
2026-01-30 22:46:30 INFO  com.excel.service.FileUploader:100 - No files found in directory: /Users/ayushgupta/Documents/excel/input
2026-01-30 22:47:30 INFO  com.excel.service.FileUploader:92 - Files processing started !
2026-01-30 22:47:46 INFO  com.excel.service.FileUploader:511 - Batch Execution Starts (JPA)
2026-01-30 22:48:08 INFO  com.excel.service.FileUploader:516 - Batch Execution Completed, records = 106261
2026-01-30 22:48:12 INFO  com.excel.service.FileUploader:227 - Files processing Completed !
2026-01-30 22:49:12 INFO  com.excel.service.FileUploader:92 - Files processing started !
2026-01-30 22:49:12 INFO  com.excel.service.FileUploader:100 - No files found in directory: /Users/ayushgupta/Documents/excel/input
2026-01-30 22:50:12 INFO  com.excel.service.FileUploader:92 - Files processing started !
2026-01-30 22:50:12 INFO  com.excel.service.FileUploader:100 - No files found in directory: /Users/ayushgupta/Documents/excel/input
2026-01-30 22:50:22 INFO  o.s.b.a.SpringApplicationAdminMXBeanRegistrar$SpringApplicationAdmin:159 - Application shutdown requested.
2026-01-30 22:50:22 INFO  o.a.coyote.http11.Http11NioProtocol:173 - Stopping ProtocolHandler ["http-nio-8080"]
2026-01-30 22:50:22 INFO  o.s.o.j.LocalContainerEntityManagerFactoryBean:650 - Closing JPA EntityManagerFactory for persistence unit 'default'
2026-01-30 22:50:22 INFO  com.zaxxer.hikari.HikariDataSource:350 - HikariPool-1 - Shutdown initiated...
2026-01-30 22:50:22 INFO  com.zaxxer.hikari.HikariDataSource:352 - HikariPool-1 - Shutdown completed.
2026-01-30 22:50:23 INFO  com.excel.ExcelApplication:50 - Starting ExcelApplication using Java 17.0.12 with PID 1996 (/Users/ayushgupta/Downloads/Excel Upload/target/classes started by ayushgupta in /Users/ayushgupta/Downloads/Excel Upload)
2026-01-30 22:50:23 INFO  com.excel.ExcelApplication:654 - No active profile set, falling back to 1 default profile: "default"
2026-01-30 22:50:23 INFO  o.s.d.r.c.RepositoryConfigurationDelegate:139 - Bootstrapping Spring Data JPA repositories in DEFAULT mode.
2026-01-30 22:50:24 INFO  o.s.d.r.c.RepositoryConfigurationDelegate:208 - Finished Spring Data repository scanning in 18 ms. Found 2 JPA repository interfaces.
2026-01-30 22:50:24 INFO  o.s.b.w.e.tomcat.TomcatWebServer:109 - Tomcat initialized with port 8080 (http)
2026-01-30 22:50:24 INFO  o.a.coyote.http11.Http11NioProtocol:173 - Initializing ProtocolHandler ["http-nio-8080"]
2026-01-30 22:50:24 INFO  o.a.catalina.core.StandardService:173 - Starting service [Tomcat]
2026-01-30 22:50:24 INFO  o.a.catalina.core.StandardEngine:173 - Starting Servlet engine: [Apache Tomcat/10.1.18]
2026-01-30 22:50:24 INFO  o.a.c.c.C.[Tomcat].[localhost].[/]:173 - Initializing Spring embedded WebApplicationContext
2026-01-30 22:50:24 INFO  o.s.b.w.s.c.ServletWebServerApplicationContext:296 - Root WebApplicationContext: initialization completed in 452 ms
2026-01-30 22:50:24 INFO  o.h.jpa.internal.util.LogHelper:31 - HHH000204: Processing PersistenceUnitInfo [name: default]
2026-01-30 22:50:24 INFO  org.hibernate.Version:44 - HHH000412: Hibernate ORM core version 6.4.1.Final
2026-01-30 22:50:24 INFO  o.h.c.i.RegionFactoryInitiator:50 - HHH000026: Second-level cache disabled
2026-01-30 22:50:24 INFO  o.s.o.j.p.SpringPersistenceUnitInfo:87 - No LoadTimeWeaver setup: ignoring JPA class transformer
2026-01-30 22:50:24 INFO  com.zaxxer.hikari.HikariDataSource:110 - HikariPool-1 - Starting...
2026-01-30 22:50:24 INFO  com.zaxxer.hikari.pool.HikariPool:565 - HikariPool-1 - Added connection com.mysql.cj.jdbc.ConnectionImpl@3c27f72
2026-01-30 22:50:24 INFO  com.zaxxer.hikari.HikariDataSource:123 - HikariPool-1 - Start completed.
2026-01-30 22:50:25 INFO  o.h.e.t.j.p.i.JtaPlatformInitiator:58 - HHH000489: No JTA platform available (set 'hibernate.transaction.jta.platform' to enable JTA platform integration)
2026-01-30 22:50:25 INFO  o.s.o.j.LocalContainerEntityManagerFactoryBean:437 - Initialized JPA EntityManagerFactory for persistence unit 'default'
2026-01-30 22:50:25 INFO  com.excel.ExcelApplication:45 - === WMS EXCEL FILE PROCESSOR STARTED | LOGGING INITIALIZED ===
2026-01-30 22:50:25 INFO  com.excel.ExcelApplication:51 - Apache POI byte array limit increased
2026-01-30 22:50:25 INFO  o.s.d.j.r.query.QueryEnhancerFactory:49 - Hibernate is in classpath; If applicable, HQL parser will be used.
2026-01-30 22:50:25 WARN  o.s.b.a.o.j.JpaBaseConfiguration$JpaWebConfiguration:232 - spring.jpa.open-in-view is enabled by default. Therefore, database queries may be performed during view rendering. Explicitly configure spring.jpa.open-in-view to disable this warning
2026-01-30 22:50:25 INFO  o.a.coyote.http11.Http11NioProtocol:173 - Starting ProtocolHandler ["http-nio-8080"]
2026-01-30 22:50:25 INFO  o.s.b.w.e.tomcat.TomcatWebServer:241 - Tomcat started on port 8080 (http) with context path ''
2026-01-30 22:50:25 INFO  com.excel.ExcelApplication:56 - Started ExcelApplication in 2.059 seconds (process running for 2.372)
2026-01-30 22:50:35 INFO  com.excel.service.FileUploader:92 - Files processing started !
2026-01-30 22:50:35 INFO  com.excel.service.FileUploader:100 - No files found in directory: /Users/ayushgupta/Documents/excel/input
2026-01-30 22:51:04 INFO  o.a.c.c.C.[Tomcat].[localhost].[/]:173 - Initializing Spring DispatcherServlet 'dispatcherServlet'
2026-01-30 22:51:04 INFO  o.s.web.servlet.DispatcherServlet:532 - Initializing Servlet 'dispatcherServlet'
2026-01-30 22:51:04 INFO  o.s.web.servlet.DispatcherServlet:554 - Completed initialization in 1 ms
2026-01-30 22:51:35 INFO  com.excel.service.FileUploader:92 - Files processing started !
2026-01-30 22:51:50 INFO  com.excel.service.FileUploader:434 - Batch Execution Starts (JPA)
2026-01-30 22:52:11 INFO  com.excel.service.FileUploader:439 - Batch Execution Completed, records = 106261
2026-01-30 22:52:15 INFO  com.excel.service.FileUploader:574 - 📧 SUCCESS mail sent for file SERIALUPLOADINB - Copy (4).xlsx
2026-01-30 22:52:19 INFO  com.excel.service.FileUploader:227 - Files processing Completed !
2026-01-30 22:53:19 INFO  com.excel.service.FileUploader:92 - Files processing started !
2026-01-30 22:53:19 INFO  com.excel.service.FileUploader:100 - No files found in directory: /Users/ayushgupta/Documents/excel/input
2026-01-30 22:54:19 INFO  com.excel.service.FileUploader:92 - Files processing started !
2026-01-30 22:54:19 INFO  com.excel.service.FileUploader:100 - No files found in directory: /Users/ayushgupta/Documents/excel/input
2026-01-30 22:55:19 INFO  com.excel.service.FileUploader:92 - Files processing started !
2026-01-30 22:55:19 INFO  com.excel.service.FileUploader:100 - No files found in directory: /Users/ayushgupta/Documents/excel/input
2026-01-30 22:56:19 INFO  com.excel.service.FileUploader:92 - Files processing started !
2026-01-30 22:56:19 INFO  com.excel.service.FileUploader:100 - No files found in directory: /Users/ayushgupta/Documents/excel/input
2026-01-30 22:56:58 INFO  o.s.b.a.SpringApplicationAdminMXBeanRegistrar$SpringApplicationAdmin:159 - Application shutdown requested.
2026-01-30 22:56:58 INFO  o.a.coyote.http11.Http11NioProtocol:173 - Stopping ProtocolHandler ["http-nio-8080"]
2026-01-30 22:56:58 INFO  o.s.o.j.LocalContainerEntityManagerFactoryBean:650 - Closing JPA EntityManagerFactory for persistence unit 'default'
2026-01-30 22:56:58 INFO  com.zaxxer.hikari.HikariDataSource:350 - HikariPool-1 - Shutdown initiated...
2026-01-30 22:56:58 INFO  com.zaxxer.hikari.HikariDataSource:352 - HikariPool-1 - Shutdown completed.
2026-01-30 22:56:59 INFO  com.excel.ExcelApplication:50 - Starting ExcelApplication using Java 17.0.12 with PID 2413 (/Users/ayushgupta/Downloads/Excel Upload/target/classes started by ayushgupta in /Users/ayushgupta/Downloads/Excel Upload)
2026-01-30 22:56:59 INFO  com.excel.ExcelApplication:654 - No active profile set, falling back to 1 default profile: "default"
2026-01-30 22:56:59 INFO  o.s.d.r.c.RepositoryConfigurationDelegate:139 - Bootstrapping Spring Data JPA repositories in DEFAULT mode.
2026-01-30 22:56:59 INFO  o.s.d.r.c.RepositoryConfigurationDelegate:208 - Finished Spring Data repository scanning in 17 ms. Found 2 JPA repository interfaces.
2026-01-30 22:56:59 INFO  o.s.b.w.e.tomcat.TomcatWebServer:109 - Tomcat initialized with port 8080 (http)
2026-01-30 22:56:59 INFO  o.a.coyote.http11.Http11NioProtocol:173 - Initializing ProtocolHandler ["http-nio-8080"]
2026-01-30 22:56:59 INFO  o.a.catalina.core.StandardService:173 - Starting service [Tomcat]
2026-01-30 22:56:59 INFO  o.a.catalina.core.StandardEngine:173 - Starting Servlet engine: [Apache Tomcat/10.1.18]
2026-01-30 22:56:59 INFO  o.a.c.c.C.[Tomcat].[localhost].[/]:173 - Initializing Spring embedded WebApplicationContext
2026-01-30 22:56:59 INFO  o.s.b.w.s.c.ServletWebServerApplicationContext:296 - Root WebApplicationContext: initialization completed in 420 ms
2026-01-30 22:56:59 INFO  o.h.jpa.internal.util.LogHelper:31 - HHH000204: Processing PersistenceUnitInfo [name: default]
2026-01-30 22:56:59 INFO  org.hibernate.Version:44 - HHH000412: Hibernate ORM core version 6.4.1.Final
2026-01-30 22:56:59 INFO  o.h.c.i.RegionFactoryInitiator:50 - HHH000026: Second-level cache disabled
2026-01-30 22:56:59 INFO  o.s.o.j.p.SpringPersistenceUnitInfo:87 - No LoadTimeWeaver setup: ignoring JPA class transformer
2026-01-30 22:57:00 INFO  com.zaxxer.hikari.HikariDataSource:110 - HikariPool-1 - Starting...
2026-01-30 22:57:00 INFO  com.zaxxer.hikari.pool.HikariPool:565 - HikariPool-1 - Added connection com.mysql.cj.jdbc.ConnectionImpl@11ad095c
2026-01-30 22:57:00 INFO  com.zaxxer.hikari.HikariDataSource:123 - HikariPool-1 - Start completed.
2026-01-30 22:57:00 INFO  o.h.e.t.j.p.i.JtaPlatformInitiator:58 - HHH000489: No JTA platform available (set 'hibernate.transaction.jta.platform' to enable JTA platform integration)
2026-01-30 22:57:00 INFO  o.s.o.j.LocalContainerEntityManagerFactoryBean:437 - Initialized JPA EntityManagerFactory for persistence unit 'default'
2026-01-30 22:57:00 INFO  com.excel.ExcelApplication:45 - === WMS EXCEL FILE PROCESSOR STARTED | LOGGING INITIALIZED ===
2026-01-30 22:57:00 INFO  com.excel.ExcelApplication:51 - Apache POI byte array limit increased
2026-01-30 22:57:00 INFO  o.s.d.j.r.query.QueryEnhancerFactory:49 - Hibernate is in classpath; If applicable, HQL parser will be used.
2026-01-30 22:57:00 WARN  o.s.b.a.o.j.JpaBaseConfiguration$JpaWebConfiguration:232 - spring.jpa.open-in-view is enabled by default. Therefore, database queries may be performed during view rendering. Explicitly configure spring.jpa.open-in-view to disable this warning
2026-01-30 22:57:00 INFO  o.a.coyote.http11.Http11NioProtocol:173 - Starting ProtocolHandler ["http-nio-8080"]
2026-01-30 22:57:00 INFO  o.s.b.w.e.tomcat.TomcatWebServer:241 - Tomcat started on port 8080 (http) with context path ''
2026-01-30 22:57:00 INFO  com.excel.ExcelApplication:56 - Started ExcelApplication in 1.766 seconds (process running for 2.029)
2026-01-30 22:57:10 INFO  com.excel.service.FileUploader:92 - Files processing started !
2026-01-30 22:57:10 INFO  com.excel.service.FileUploader:100 - No files found in directory: /Users/ayushgupta/Documents/excel/input
2026-01-30 22:58:11 INFO  com.excel.service.FileUploader:92 - Files processing started !
2026-01-30 22:58:11 INFO  com.excel.service.FileUploader:100 - No files found in directory: /Users/ayushgupta/Documents/excel/input
2026-01-30 22:58:41 INFO  o.a.c.c.C.[Tomcat].[localhost].[/]:173 - Initializing Spring DispatcherServlet 'dispatcherServlet'
2026-01-30 22:58:41 INFO  o.s.web.servlet.DispatcherServlet:532 - Initializing Servlet 'dispatcherServlet'
2026-01-30 22:58:41 INFO  o.s.web.servlet.DispatcherServlet:554 - Completed initialization in 1 ms
2026-01-30 22:59:11 INFO  com.excel.service.FileUploader:92 - Files processing started !
2026-01-30 22:59:47 ERROR com.excel.service.FileUploader:209 - Unhandled exception while processing file SERIALUPLOADINB - Copy (4).xlsx
java.lang.IllegalStateException: Transaction synchronization is not active
	at org.springframework.transaction.support.TransactionSynchronizationManager.registerSynchronization(TransactionSynchronizationManager.java:277)
	at com.excel.service.FileUploader.runAfterCommit(FileUploader.java:411)
	at com.excel.service.FileUploader.readFile(FileUploader.java:380)
	at com.excel.service.FileUploader.processFiles(FileUploader.java:182)
	at java.base/jdk.internal.reflect.NativeMethodAccessorImpl.invoke0(Native Method)
	at java.base/jdk.internal.reflect.NativeMethodAccessorImpl.invoke(NativeMethodAccessorImpl.java:77)
	at java.base/jdk.internal.reflect.DelegatingMethodAccessorImpl.invoke(DelegatingMethodAccessorImpl.java:43)
	at java.base/java.lang.reflect.Method.invoke(Method.java:568)
	at org.springframework.aop.support.AopUtils.invokeJoinpointUsingReflection(AopUtils.java:351)
	at org.springframework.aop.framework.CglibAopProxy$DynamicAdvisedInterceptor.intercept(CglibAopProxy.java:713)
	at com.excel.service.FileUploader$$SpringCGLIB$$0.processFiles(<generated>)
	at java.base/jdk.internal.reflect.NativeMethodAccessorImpl.invoke0(Native Method)
	at java.base/jdk.internal.reflect.NativeMethodAccessorImpl.invoke(NativeMethodAccessorImpl.java:77)
	at java.base/jdk.internal.reflect.DelegatingMethodAccessorImpl.invoke(DelegatingMethodAccessorImpl.java:43)
	at java.base/java.lang.reflect.Method.invoke(Method.java:568)
	at org.springframework.scheduling.support.ScheduledMethodRunnable.runInternal(ScheduledMethodRunnable.java:130)
	at org.springframework.scheduling.support.ScheduledMethodRunnable.lambda$run$2(ScheduledMethodRunnable.java:124)
	at io.micrometer.observation.Observation.observe(Observation.java:499)
	at org.springframework.scheduling.support.ScheduledMethodRunnable.run(ScheduledMethodRunnable.java:124)
	at org.springframework.scheduling.support.DelegatingErrorHandlingRunnable.run(DelegatingErrorHandlingRunnable.java:54)
	at java.base/java.util.concurrent.Executors$RunnableAdapter.call(Executors.java:539)
	at java.base/java.util.concurrent.FutureTask.runAndReset(FutureTask.java:305)
	at java.base/java.util.concurrent.ScheduledThreadPoolExecutor$ScheduledFutureTask.run(ScheduledThreadPoolExecutor.java:305)
	at java.base/java.util.concurrent.ThreadPoolExecutor.runWorker(ThreadPoolExecutor.java:1136)
	at java.base/java.util.concurrent.ThreadPoolExecutor$Worker.run(ThreadPoolExecutor.java:635)
	at java.base/java.lang.Thread.run(Thread.java:842)
2026-01-30 22:59:51 INFO  com.excel.service.FileUploader:573 - 📧 ERROR mail sent for file SERIALUPLOADINB - Copy (4).xlsx
2026-01-30 22:59:51 INFO  com.excel.service.FileUploader:227 - Files processing Completed !
2026-01-30 23:00:51 INFO  com.excel.service.FileUploader:92 - Files processing started !
2026-01-30 23:00:51 INFO  com.excel.service.FileUploader:100 - No files found in directory: /Users/ayushgupta/Documents/excel/input
2026-01-30 23:01:51 INFO  com.excel.service.FileUploader:92 - Files processing started !
2026-01-30 23:01:51 INFO  com.excel.service.FileUploader:100 - No files found in directory: /Users/ayushgupta/Documents/excel/input
2026-01-30 23:02:51 INFO  com.excel.service.FileUploader:92 - Files processing started !
2026-01-30 23:02:51 INFO  com.excel.service.FileUploader:100 - No files found in directory: /Users/ayushgupta/Documents/excel/input
2026-01-30 23:03:51 INFO  com.excel.service.FileUploader:92 - Files processing started !
2026-01-30 23:03:51 INFO  com.excel.service.FileUploader:100 - No files found in directory: /Users/ayushgupta/Documents/excel/input
2026-01-30 23:04:51 INFO  com.excel.service.FileUploader:92 - Files processing started !
2026-01-30 23:04:51 INFO  com.excel.service.FileUploader:100 - No files found in directory: /Users/ayushgupta/Documents/excel/input
2026-01-30 23:05:51 INFO  com.excel.service.FileUploader:92 - Files processing started !
2026-01-30 23:05:51 INFO  com.excel.service.FileUploader:100 - No files found in directory: /Users/ayushgupta/Documents/excel/input
2026-01-30 23:06:51 INFO  com.excel.service.FileUploader:92 - Files processing started !
2026-01-30 23:06:51 INFO  com.excel.service.FileUploader:100 - No files found in directory: /Users/ayushgupta/Documents/excel/input
2026-01-30 23:07:51 INFO  com.excel.service.FileUploader:92 - Files processing started !
2026-01-30 23:07:51 INFO  com.excel.service.FileUploader:100 - No files found in directory: /Users/ayushgupta/Documents/excel/input
2026-01-30 23:08:51 INFO  com.excel.service.FileUploader:92 - Files processing started !
2026-01-30 23:08:51 INFO  com.excel.service.FileUploader:100 - No files found in directory: /Users/ayushgupta/Documents/excel/input
2026-01-30 23:09:51 INFO  com.excel.service.FileUploader:92 - Files processing started !
2026-01-30 23:09:51 INFO  com.excel.service.FileUploader:100 - No files found in directory: /Users/ayushgupta/Documents/excel/input
2026-01-30 23:10:51 INFO  com.excel.service.FileUploader:92 - Files processing started !
2026-01-30 23:10:51 INFO  com.excel.service.FileUploader:100 - No files found in directory: /Users/ayushgupta/Documents/excel/input
2026-01-30 23:11:51 INFO  com.excel.service.FileUploader:92 - Files processing started !
2026-01-30 23:11:51 INFO  com.excel.service.FileUploader:100 - No files found in directory: /Users/ayushgupta/Documents/excel/input
2026-01-30 23:12:51 INFO  com.excel.service.FileUploader:92 - Files processing started !
2026-01-30 23:12:51 INFO  com.excel.service.FileUploader:100 - No files found in directory: /Users/ayushgupta/Documents/excel/input
2026-01-30 23:13:21 INFO  o.s.b.a.SpringApplicationAdminMXBeanRegistrar$SpringApplicationAdmin:159 - Application shutdown requested.
2026-01-30 23:13:21 INFO  o.a.coyote.http11.Http11NioProtocol:173 - Stopping ProtocolHandler ["http-nio-8080"]
2026-01-30 23:13:21 INFO  o.s.o.j.LocalContainerEntityManagerFactoryBean:650 - Closing JPA EntityManagerFactory for persistence unit 'default'
2026-01-30 23:13:21 INFO  com.zaxxer.hikari.HikariDataSource:350 - HikariPool-1 - Shutdown initiated...
2026-01-30 23:13:21 INFO  com.zaxxer.hikari.HikariDataSource:352 - HikariPool-1 - Shutdown completed.
2026-01-30 23:13:22 INFO  com.excel.ExcelApplication:50 - Starting ExcelApplication using Java 17.0.12 with PID 3278 (/Users/ayushgupta/Downloads/Excel Upload/target/classes started by ayushgupta in /Users/ayushgupta/Downloads/Excel Upload)
2026-01-30 23:13:22 INFO  com.excel.ExcelApplication:654 - No active profile set, falling back to 1 default profile: "default"
2026-01-30 23:13:22 INFO  o.s.d.r.c.RepositoryConfigurationDelegate:139 - Bootstrapping Spring Data JPA repositories in DEFAULT mode.
2026-01-30 23:13:23 INFO  o.s.d.r.c.RepositoryConfigurationDelegate:208 - Finished Spring Data repository scanning in 17 ms. Found 2 JPA repository interfaces.
2026-01-30 23:13:23 INFO  o.s.b.w.e.tomcat.TomcatWebServer:109 - Tomcat initialized with port 8080 (http)
2026-01-30 23:13:23 INFO  o.a.coyote.http11.Http11NioProtocol:173 - Initializing ProtocolHandler ["http-nio-8080"]
2026-01-30 23:13:23 INFO  o.a.catalina.core.StandardService:173 - Starting service [Tomcat]
2026-01-30 23:13:23 INFO  o.a.catalina.core.StandardEngine:173 - Starting Servlet engine: [Apache Tomcat/10.1.18]
2026-01-30 23:13:23 INFO  o.a.c.c.C.[Tomcat].[localhost].[/]:173 - Initializing Spring embedded WebApplicationContext
2026-01-30 23:13:23 INFO  o.s.b.w.s.c.ServletWebServerApplicationContext:296 - Root WebApplicationContext: initialization completed in 445 ms
2026-01-30 23:13:23 INFO  o.h.jpa.internal.util.LogHelper:31 - HHH000204: Processing PersistenceUnitInfo [name: default]
2026-01-30 23:13:23 INFO  org.hibernate.Version:44 - HHH000412: Hibernate ORM core version 6.4.1.Final
2026-01-30 23:13:23 INFO  o.h.c.i.RegionFactoryInitiator:50 - HHH000026: Second-level cache disabled
2026-01-30 23:13:23 INFO  o.s.o.j.p.SpringPersistenceUnitInfo:87 - No LoadTimeWeaver setup: ignoring JPA class transformer
2026-01-30 23:13:23 INFO  com.zaxxer.hikari.HikariDataSource:110 - HikariPool-1 - Starting...
2026-01-30 23:13:23 INFO  com.zaxxer.hikari.pool.HikariPool:565 - HikariPool-1 - Added connection com.mysql.cj.jdbc.ConnectionImpl@118fbaf0
2026-01-30 23:13:23 INFO  com.zaxxer.hikari.HikariDataSource:123 - HikariPool-1 - Start completed.
2026-01-30 23:13:23 INFO  o.h.e.t.j.p.i.JtaPlatformInitiator:58 - HHH000489: No JTA platform available (set 'hibernate.transaction.jta.platform' to enable JTA platform integration)
2026-01-30 23:13:23 INFO  o.s.o.j.LocalContainerEntityManagerFactoryBean:437 - Initialized JPA EntityManagerFactory for persistence unit 'default'
2026-01-30 23:13:23 INFO  com.excel.ExcelApplication:51 - Apache POI byte array limit increased
2026-01-30 23:13:23 INFO  com.excel.ExcelApplication:45 - === WMS EXCEL FILE PROCESSOR STARTED | LOGGING INITIALIZED ===
2026-01-30 23:13:24 INFO  o.s.d.j.r.query.QueryEnhancerFactory:49 - Hibernate is in classpath; If applicable, HQL parser will be used.
2026-01-30 23:13:24 WARN  o.s.b.a.o.j.JpaBaseConfiguration$JpaWebConfiguration:232 - spring.jpa.open-in-view is enabled by default. Therefore, database queries may be performed during view rendering. Explicitly configure spring.jpa.open-in-view to disable this warning
2026-01-30 23:13:24 INFO  o.a.coyote.http11.Http11NioProtocol:173 - Starting ProtocolHandler ["http-nio-8080"]
2026-01-30 23:13:24 INFO  o.s.b.w.e.tomcat.TomcatWebServer:241 - Tomcat started on port 8080 (http) with context path ''
2026-01-30 23:13:24 INFO  com.excel.ExcelApplication:56 - Started ExcelApplication in 1.869 seconds (process running for 2.141)
2026-01-30 23:13:34 INFO  com.excel.service.FileUploader:92 - Files processing started !
2026-01-30 23:13:34 INFO  com.excel.service.FileUploader:100 - No files found in directory: /Users/ayushgupta/Documents/excel/input
2026-01-30 23:13:47 INFO  o.a.c.c.C.[Tomcat].[localhost].[/]:173 - Initializing Spring DispatcherServlet 'dispatcherServlet'
2026-01-30 23:13:47 INFO  o.s.web.servlet.DispatcherServlet:532 - Initializing Servlet 'dispatcherServlet'
2026-01-30 23:13:47 INFO  o.s.web.servlet.DispatcherServlet:554 - Completed initialization in 0 ms
2026-01-30 23:14:34 INFO  com.excel.service.FileUploader:92 - Files processing started !
2026-01-30 23:15:10 ERROR com.excel.service.FileUploader:209 - Unhandled exception while processing file SERIALUPLOADINB - Copy (4).xlsx
java.lang.IllegalStateException: Transaction synchronization is not active
	at org.springframework.transaction.support.TransactionSynchronizationManager.registerSynchronization(TransactionSynchronizationManager.java:277)
	at com.excel.service.FileUploader.runAfterCommit(FileUploader.java:411)
	at com.excel.service.FileUploader.readFile(FileUploader.java:380)
	at com.excel.service.FileUploader.processFiles(FileUploader.java:182)
	at java.base/jdk.internal.reflect.NativeMethodAccessorImpl.invoke0(Native Method)
	at java.base/jdk.internal.reflect.NativeMethodAccessorImpl.invoke(NativeMethodAccessorImpl.java:77)
	at java.base/jdk.internal.reflect.DelegatingMethodAccessorImpl.invoke(DelegatingMethodAccessorImpl.java:43)
	at java.base/java.lang.reflect.Method.invoke(Method.java:568)
	at org.springframework.aop.support.AopUtils.invokeJoinpointUsingReflection(AopUtils.java:351)
	at org.springframework.aop.framework.CglibAopProxy$DynamicAdvisedInterceptor.intercept(CglibAopProxy.java:713)
	at com.excel.service.FileUploader$$SpringCGLIB$$0.processFiles(<generated>)
	at java.base/jdk.internal.reflect.NativeMethodAccessorImpl.invoke0(Native Method)
	at java.base/jdk.internal.reflect.NativeMethodAccessorImpl.invoke(NativeMethodAccessorImpl.java:77)
	at java.base/jdk.internal.reflect.DelegatingMethodAccessorImpl.invoke(DelegatingMethodAccessorImpl.java:43)
	at java.base/java.lang.reflect.Method.invoke(Method.java:568)
	at org.springframework.scheduling.support.ScheduledMethodRunnable.runInternal(ScheduledMethodRunnable.java:130)
	at org.springframework.scheduling.support.ScheduledMethodRunnable.lambda$run$2(ScheduledMethodRunnable.java:124)
	at io.micrometer.observation.Observation.observe(Observation.java:499)
	at org.springframework.scheduling.support.ScheduledMethodRunnable.run(ScheduledMethodRunnable.java:124)
	at org.springframework.scheduling.support.DelegatingErrorHandlingRunnable.run(DelegatingErrorHandlingRunnable.java:54)
	at java.base/java.util.concurrent.Executors$RunnableAdapter.call(Executors.java:539)
	at java.base/java.util.concurrent.FutureTask.runAndReset(FutureTask.java:305)
	at java.base/java.util.concurrent.ScheduledThreadPoolExecutor$ScheduledFutureTask.run(ScheduledThreadPoolExecutor.java:305)
	at java.base/java.util.concurrent.ThreadPoolExecutor.runWorker(ThreadPoolExecutor.java:1136)
	at java.base/java.util.concurrent.ThreadPoolExecutor$Worker.run(ThreadPoolExecutor.java:635)
	at java.base/java.lang.Thread.run(Thread.java:842)
2026-01-30 23:15:15 INFO  com.excel.service.FileUploader:573 - 📧 ERROR mail sent for file SERIALUPLOADINB - Copy (4).xlsx
2026-01-30 23:15:15 INFO  com.excel.service.FileUploader:227 - Files processing Completed !
2026-01-30 23:16:15 INFO  com.excel.service.FileUploader:92 - Files processing started !
2026-01-30 23:16:15 INFO  com.excel.service.FileUploader:100 - No files found in directory: /Users/ayushgupta/Documents/excel/input
2026-01-30 23:17:15 INFO  com.excel.service.FileUploader:92 - Files processing started !
2026-01-30 23:17:15 INFO  com.excel.service.FileUploader:100 - No files found in directory: /Users/ayushgupta/Documents/excel/input
2026-01-30 23:18:15 INFO  com.excel.service.FileUploader:92 - Files processing started !
2026-01-30 23:18:15 INFO  com.excel.service.FileUploader:100 - No files found in directory: /Users/ayushgupta/Documents/excel/input
2026-01-30 23:19:15 INFO  com.excel.service.FileUploader:92 - Files processing started !
2026-01-30 23:19:15 INFO  com.excel.service.FileUploader:100 - No files found in directory: /Users/ayushgupta/Documents/excel/input
2026-01-30 23:20:15 INFO  com.excel.service.FileUploader:92 - Files processing started !
2026-01-30 23:20:15 INFO  com.excel.service.FileUploader:100 - No files found in directory: /Users/ayushgupta/Documents/excel/input
2026-01-30 23:21:15 INFO  com.excel.service.FileUploader:92 - Files processing started !
2026-01-30 23:21:15 INFO  com.excel.service.FileUploader:100 - No files found in directory: /Users/ayushgupta/Documents/excel/input
2026-01-30 23:22:15 INFO  com.excel.service.FileUploader:92 - Files processing started !
2026-01-30 23:22:15 INFO  com.excel.service.FileUploader:100 - No files found in directory: /Users/ayushgupta/Documents/excel/input
2026-01-30 23:23:15 INFO  com.excel.service.FileUploader:92 - Files processing started !
2026-01-30 23:23:15 INFO  com.excel.service.FileUploader:100 - No files found in directory: /Users/ayushgupta/Documents/excel/input
2026-01-30 23:24:15 INFO  com.excel.service.FileUploader:92 - Files processing started !
2026-01-30 23:24:15 INFO  com.excel.service.FileUploader:100 - No files found in directory: /Users/ayushgupta/Documents/excel/input
2026-01-30 23:25:15 INFO  com.excel.service.FileUploader:92 - Files processing started !
2026-01-30 23:25:15 INFO  com.excel.service.FileUploader:100 - No files found in directory: /Users/ayushgupta/Documents/excel/input
2026-01-30 23:26:15 INFO  com.excel.service.FileUploader:92 - Files processing started !
2026-01-30 23:26:15 INFO  com.excel.service.FileUploader:100 - No files found in directory: /Users/ayushgupta/Documents/excel/input
2026-01-30 23:27:15 INFO  com.excel.service.FileUploader:92 - Files processing started !
2026-01-30 23:27:15 INFO  com.excel.service.FileUploader:100 - No files found in directory: /Users/ayushgupta/Documents/excel/input
2026-01-30 23:28:15 INFO  com.excel.service.FileUploader:92 - Files processing started !
2026-01-30 23:28:15 INFO  com.excel.service.FileUploader:100 - No files found in directory: /Users/ayushgupta/Documents/excel/input
2026-01-30 23:29:15 INFO  com.excel.service.FileUploader:92 - Files processing started !
2026-01-30 23:29:15 INFO  com.excel.service.FileUploader:100 - No files found in directory: /Users/ayushgupta/Documents/excel/input
2026-01-30 23:30:15 INFO  com.excel.service.FileUploader:92 - Files processing started !
2026-01-30 23:30:15 INFO  com.excel.service.FileUploader:100 - No files found in directory: /Users/ayushgupta/Documents/excel/input
2026-01-30 23:31:15 INFO  com.excel.service.FileUploader:92 - Files processing started !
2026-01-30 23:31:15 INFO  com.excel.service.FileUploader:100 - No files found in directory: /Users/ayushgupta/Documents/excel/input
2026-01-30 23:32:15 INFO  com.excel.service.FileUploader:92 - Files processing started !
2026-01-30 23:32:15 INFO  com.excel.service.FileUploader:100 - No files found in directory: /Users/ayushgupta/Documents/excel/input
2026-01-30 23:33:15 INFO  com.excel.service.FileUploader:92 - Files processing started !
2026-01-30 23:33:15 INFO  com.excel.service.FileUploader:100 - No files found in directory: /Users/ayushgupta/Documents/excel/input
2026-01-30 23:34:15 INFO  com.excel.service.FileUploader:92 - Files processing started !
2026-01-30 23:34:15 INFO  com.excel.service.FileUploader:100 - No files found in directory: /Users/ayushgupta/Documents/excel/input
2026-01-30 23:35:15 INFO  com.excel.service.FileUploader:92 - Files processing started !
2026-01-30 23:35:15 INFO  com.excel.service.FileUploader:100 - No files found in directory: /Users/ayushgupta/Documents/excel/input
2026-01-30 23:36:15 INFO  com.excel.service.FileUploader:92 - Files processing started !
2026-01-30 23:36:15 INFO  com.excel.service.FileUploader:100 - No files found in directory: /Users/ayushgupta/Documents/excel/input
2026-01-30 23:37:15 INFO  com.excel.service.FileUploader:92 - Files processing started !
2026-01-30 23:37:15 INFO  com.excel.service.FileUploader:100 - No files found in directory: /Users/ayushgupta/Documents/excel/input
2026-01-30 23:38:15 INFO  com.excel.service.FileUploader:92 - Files processing started !
2026-01-30 23:38:15 INFO  com.excel.service.FileUploader:100 - No files found in directory: /Users/ayushgupta/Documents/excel/input
2026-01-30 23:39:15 INFO  com.excel.service.FileUploader:92 - Files processing started !
2026-01-30 23:39:15 INFO  com.excel.service.FileUploader:100 - No files found in directory: /Users/ayushgupta/Documents/excel/input
2026-01-30 23:40:15 INFO  com.excel.service.FileUploader:92 - Files processing started !
2026-01-30 23:40:15 INFO  com.excel.service.FileUploader:100 - No files found in directory: /Users/ayushgupta/Documents/excel/input
2026-01-30 23:41:15 INFO  com.excel.service.FileUploader:92 - Files processing started !
2026-01-30 23:41:15 INFO  com.excel.service.FileUploader:100 - No files found in directory: /Users/ayushgupta/Documents/excel/input
2026-01-30 23:42:15 INFO  com.excel.service.FileUploader:92 - Files processing started !
2026-01-30 23:42:15 INFO  com.excel.service.FileUploader:100 - No files found in directory: /Users/ayushgupta/Documents/excel/input
2026-01-30 23:43:15 INFO  com.excel.service.FileUploader:92 - Files processing started !
2026-01-30 23:43:15 INFO  com.excel.service.FileUploader:100 - No files found in directory: /Users/ayushgupta/Documents/excel/input
2026-01-30 23:44:15 INFO  com.excel.service.FileUploader:92 - Files processing started !
2026-01-30 23:44:15 INFO  com.excel.service.FileUploader:100 - No files found in directory: /Users/ayushgupta/Documents/excel/input
2026-01-30 23:45:15 INFO  com.excel.service.FileUploader:92 - Files processing started !
2026-01-30 23:45:15 INFO  com.excel.service.FileUploader:100 - No files found in directory: /Users/ayushgupta/Documents/excel/input
2026-01-30 23:46:15 INFO  com.excel.service.FileUploader:92 - Files processing started !
2026-01-30 23:46:15 INFO  com.excel.service.FileUploader:100 - No files found in directory: /Users/ayushgupta/Documents/excel/input
2026-01-30 23:47:15 INFO  com.excel.service.FileUploader:92 - Files processing started !
2026-01-30 23:47:15 INFO  com.excel.service.FileUploader:100 - No files found in directory: /Users/ayushgupta/Documents/excel/input
2026-01-30 23:48:15 INFO  com.excel.service.FileUploader:92 - Files processing started !
2026-01-30 23:48:15 INFO  com.excel.service.FileUploader:100 - No files found in directory: /Users/ayushgupta/Documents/excel/input
2026-01-30 23:49:15 INFO  com.excel.service.FileUploader:92 - Files processing started !
2026-01-30 23:49:15 INFO  com.excel.service.FileUploader:100 - No files found in directory: /Users/ayushgupta/Documents/excel/input
2026-01-30 23:50:15 INFO  com.excel.service.FileUploader:92 - Files processing started !
2026-01-30 23:50:15 INFO  com.excel.service.FileUploader:100 - No files found in directory: /Users/ayushgupta/Documents/excel/input
2026-01-30 23:51:15 INFO  com.excel.service.FileUploader:92 - Files processing started !
2026-01-30 23:51:15 INFO  com.excel.service.FileUploader:100 - No files found in directory: /Users/ayushgupta/Documents/excel/input
2026-01-30 23:52:15 INFO  com.excel.service.FileUploader:92 - Files processing started !
2026-01-30 23:52:15 INFO  com.excel.service.FileUploader:100 - No files found in directory: /Users/ayushgupta/Documents/excel/input
2026-01-30 23:53:15 INFO  com.excel.service.FileUploader:92 - Files processing started !
2026-01-30 23:53:15 INFO  com.excel.service.FileUploader:100 - No files found in directory: /Users/ayushgupta/Documents/excel/input
2026-01-30 23:54:15 INFO  com.excel.service.FileUploader:92 - Files processing started !
2026-01-30 23:54:15 INFO  com.excel.service.FileUploader:100 - No files found in directory: /Users/ayushgupta/Documents/excel/input
2026-01-30 23:55:15 INFO  com.excel.service.FileUploader:92 - Files processing started !
2026-01-30 23:55:15 INFO  com.excel.service.FileUploader:100 - No files found in directory: /Users/ayushgupta/Documents/excel/input
2026-01-30 23:56:15 INFO  com.excel.service.FileUploader:92 - Files processing started !
2026-01-30 23:56:15 INFO  com.excel.service.FileUploader:100 - No files found in directory: /Users/ayushgupta/Documents/excel/input
2026-01-30 23:57:15 INFO  com.excel.service.FileUploader:92 - Files processing started !
2026-01-30 23:57:15 INFO  com.excel.service.FileUploader:100 - No files found in directory: /Users/ayushgupta/Documents/excel/input
2026-01-30 23:58:15 INFO  com.excel.service.FileUploader:92 - Files processing started !
2026-01-30 23:58:15 INFO  com.excel.service.FileUploader:100 - No files found in directory: /Users/ayushgupta/Documents/excel/input
2026-01-30 23:59:15 INFO  com.excel.service.FileUploader:92 - Files processing started !
2026-01-30 23:59:15 INFO  com.excel.service.FileUploader:100 - No files found in directory: /Users/ayushgupta/Documents/excel/input
